This is pdfTeX, Version 3.1415926-1.40.10 (TeX Live 2009/Debian) (format=pdflatex 2013.7.16)  6 NOV 2015 14:51
entering extended mode
 %&-line parsing enabled.
**bayeshw9.tex
(./bayeshw9.tex
LaTeX2e <2009/09/24>
Babel <v3.8l> and hyphenation patterns for english, usenglishmax, dumylang, noh
yphenation, loaded.
(/usr/share/texmf-texlive/tex/latex/base/article.cls
Document Class: article 2007/10/19 v1.4h Standard LaTeX document class
(/usr/share/texmf-texlive/tex/latex/base/size12.clo
File: size12.clo 2007/10/19 v1.4h Standard LaTeX file (size option)
)
\c@part=\count79
\c@section=\count80
\c@subsection=\count81
\c@subsubsection=\count82
\c@paragraph=\count83
\c@subparagraph=\count84
\c@figure=\count85
\c@table=\count86
\abovecaptionskip=\skip41
\belowcaptionskip=\skip42
\bibindent=\dimen102
)
(/usr/share/texmf-texlive/tex/latex/graphics/graphicx.sty
Package: graphicx 1999/02/16 v1.0f Enhanced LaTeX Graphics (DPC,SPQR)

(/usr/share/texmf-texlive/tex/latex/graphics/keyval.sty
Package: keyval 1999/03/16 v1.13 key=value parser (DPC)
\KV@toks@=\toks14
)
(/usr/share/texmf-texlive/tex/latex/graphics/graphics.sty
Package: graphics 2009/02/05 v1.0o Standard LaTeX Graphics (DPC,SPQR)

(/usr/share/texmf-texlive/tex/latex/graphics/trig.sty
Package: trig 1999/03/16 v1.09 sin cos tan (DPC)
)
(/etc/texmf/tex/latex/config/graphics.cfg
File: graphics.cfg 2009/08/28 v1.8 graphics configuration of TeX Live
)
Package graphics Info: Driver file: pdftex.def on input line 91.

(/usr/share/texmf-texlive/tex/latex/pdftex-def/pdftex.def
File: pdftex.def 2010/03/12 v0.04p Graphics/color for pdfTeX
\Gread@gobject=\count87
))
\Gin@req@height=\dimen103
\Gin@req@width=\dimen104
)
(/usr/share/texmf-texlive/tex/latex/graphics/color.sty
Package: color 2005/11/14 v1.0j Standard LaTeX Color (DPC)

(/etc/texmf/tex/latex/config/color.cfg
File: color.cfg 2007/01/18 v1.5 color configuration of teTeX/TeXLive
)
Package color Info: Driver file: pdftex.def on input line 130.
)
(/usr/share/texmf-texlive/tex/latex/ltxmisc/framed.sty
Package: framed 2007/10/04 v 0.95: framed or shaded text with page breaks
\fb@frw=\dimen105
\fb@frh=\dimen106
\FrameRule=\dimen107
\FrameSep=\dimen108
)
(/usr/share/texmf-texlive/tex/latex/base/alltt.sty
Package: alltt 1997/06/16 v2.0g defines alltt environment
)
(/usr/share/texmf-texlive/tex/latex/amsfonts/amssymb.sty
Package: amssymb 2009/06/22 v3.00

(/usr/share/texmf-texlive/tex/latex/amsfonts/amsfonts.sty
Package: amsfonts 2009/06/22 v3.00 Basic AMSFonts support
\@emptytoks=\toks15
\symAMSa=\mathgroup4
\symAMSb=\mathgroup5
LaTeX Font Info:    Overwriting math alphabet `\mathfrak' in version `bold'
(Font)                  U/euf/m/n --> U/euf/b/n on input line 96.
))
(/usr/share/texmf-texlive/tex/latex/amsmath/amsmath.sty
Package: amsmath 2000/07/18 v2.13 AMS math features
\@mathmargin=\skip43

For additional information on amsmath, use the `?' option.
(/usr/share/texmf-texlive/tex/latex/amsmath/amstext.sty
Package: amstext 2000/06/29 v2.01

(/usr/share/texmf-texlive/tex/latex/amsmath/amsgen.sty
File: amsgen.sty 1999/11/30 v2.0
\@emptytoks=\toks16
\ex@=\dimen109
))
(/usr/share/texmf-texlive/tex/latex/amsmath/amsbsy.sty
Package: amsbsy 1999/11/29 v1.2d
\pmbraise@=\dimen110
)
(/usr/share/texmf-texlive/tex/latex/amsmath/amsopn.sty
Package: amsopn 1999/12/14 v2.01 operator names
)
\inf@bad=\count88
LaTeX Info: Redefining \frac on input line 211.
\uproot@=\count89
\leftroot@=\count90
LaTeX Info: Redefining \overline on input line 307.
\classnum@=\count91
\DOTSCASE@=\count92
LaTeX Info: Redefining \ldots on input line 379.
LaTeX Info: Redefining \dots on input line 382.
LaTeX Info: Redefining \cdots on input line 467.
\Mathstrutbox@=\box26
\strutbox@=\box27
\big@size=\dimen111
LaTeX Font Info:    Redeclaring font encoding OML on input line 567.
LaTeX Font Info:    Redeclaring font encoding OMS on input line 568.
\macc@depth=\count93
\c@MaxMatrixCols=\count94
\dotsspace@=\muskip10
\c@parentequation=\count95
\dspbrk@lvl=\count96
\tag@help=\toks17
\row@=\count97
\column@=\count98
\maxfields@=\count99
\andhelp@=\toks18
\eqnshift@=\dimen112
\alignsep@=\dimen113
\tagshift@=\dimen114
\tagwidth@=\dimen115
\totwidth@=\dimen116
\lineht@=\dimen117
\@envbody=\toks19
\multlinegap=\skip44
\multlinetaggap=\skip45
\mathdisplay@stack=\toks20
LaTeX Info: Redefining \[ on input line 2666.
LaTeX Info: Redefining \] on input line 2667.
)
(/usr/share/texmf-texlive/tex/latex/tools/enumerate.sty
Package: enumerate 1999/03/05 v3.00 enumerate extensions (DPC)
\@enLab=\toks21
)
(/usr/share/texmf-texlive/tex/latex/float/float.sty
Package: float 2001/11/08 v1.3d Float enhancements (AL)
\c@float@type=\count100
\float@exts=\toks22
\float@box=\box28
\@float@everytoks=\toks23
\@floatcapt=\box29
)
(/usr/share/texmf-texlive/tex/latex/tools/verbatim.sty
Package: verbatim 2003/08/22 v1.5q LaTeX2e package for verbatim enhancements
\every@verbatim=\toks24
\verbatim@line=\toks25
\verbatim@in@stream=\read1
)
(/usr/share/texmf-texlive/tex/latex/setspace/setspace.sty
Package: setspace 2000/12/01 6.7 Contributed and Supported LaTeX2e package

Package: `setspace' 6.7 <2000/12/01>
) (/usr/share/texmf-texlive/tex/latex/tools/multicol.sty
Package: multicol 2008/12/05 v1.6h multicolumn formatting (FMi)
\c@tracingmulticols=\count101
\mult@box=\box30
\multicol@leftmargin=\dimen118
\c@unbalance=\count102
\c@collectmore=\count103
\doublecol@number=\count104
\multicoltolerance=\count105
\multicolpretolerance=\count106
\full@width=\dimen119
\page@free=\dimen120
\premulticols=\dimen121
\postmulticols=\dimen122
\multicolsep=\skip46
\multicolbaselineskip=\skip47
\partial@page=\box31
\last@line=\box32
\mult@rightbox=\box33
\mult@grightbox=\box34
\mult@gfirstbox=\box35
\mult@firstbox=\box36
\@tempa=\box37
\@tempa=\box38
\@tempa=\box39
\@tempa=\box40
\@tempa=\box41
\@tempa=\box42
\@tempa=\box43
\@tempa=\box44
\@tempa=\box45
\@tempa=\box46
\@tempa=\box47
\@tempa=\box48
\@tempa=\box49
\@tempa=\box50
\@tempa=\box51
\@tempa=\box52
\@tempa=\box53
\c@columnbadness=\count107
\c@finalcolumnbadness=\count108
\last@try=\dimen123
\multicolovershoot=\dimen124
\multicolundershoot=\dimen125
\mult@nat@firstbox=\box54
\colbreak@box=\box55
)
(/usr/share/texmf-texlive/tex/latex/upquote/upquote.sty
Package: upquote 2003/08/11 v1.1 Covington's upright-quote modification to verb
atim and verb

(/usr/share/texmf-texlive/tex/latex/base/textcomp.sty
Package: textcomp 2005/09/27 v1.99g Standard LaTeX package
Package textcomp Info: Sub-encoding information:
(textcomp)               5 = only ISO-Adobe without \textcurrency
(textcomp)               4 = 5 + \texteuro
(textcomp)               3 = 4 + \textohm
(textcomp)               2 = 3 + \textestimated + \textcurrency
(textcomp)               1 = TS1 - \textcircled - \t
(textcomp)               0 = TS1 (full)
(textcomp)             Font families with sub-encoding setting implement
(textcomp)             only a restricted character set as indicated.
(textcomp)             Family '?' is the default used for unknown fonts.
(textcomp)             See the documentation for details.
Package textcomp Info: Setting ? sub-encoding to TS1/1 on input line 71.

(/usr/share/texmf-texlive/tex/latex/base/ts1enc.def
File: ts1enc.def 2001/06/05 v3.0e (jk/car/fm) Standard LaTeX file
)
LaTeX Info: Redefining \oldstylenums on input line 266.
Package textcomp Info: Setting cmr sub-encoding to TS1/0 on input line 281.
Package textcomp Info: Setting cmss sub-encoding to TS1/0 on input line 282.
Package textcomp Info: Setting cmtt sub-encoding to TS1/0 on input line 283.
Package textcomp Info: Setting cmvtt sub-encoding to TS1/0 on input line 284.
Package textcomp Info: Setting cmbr sub-encoding to TS1/0 on input line 285.
Package textcomp Info: Setting cmtl sub-encoding to TS1/0 on input line 286.
Package textcomp Info: Setting ccr sub-encoding to TS1/0 on input line 287.
Package textcomp Info: Setting ptm sub-encoding to TS1/4 on input line 288.
Package textcomp Info: Setting pcr sub-encoding to TS1/4 on input line 289.
Package textcomp Info: Setting phv sub-encoding to TS1/4 on input line 290.
Package textcomp Info: Setting ppl sub-encoding to TS1/3 on input line 291.
Package textcomp Info: Setting pag sub-encoding to TS1/4 on input line 292.
Package textcomp Info: Setting pbk sub-encoding to TS1/4 on input line 293.
Package textcomp Info: Setting pnc sub-encoding to TS1/4 on input line 294.
Package textcomp Info: Setting pzc sub-encoding to TS1/4 on input line 295.
Package textcomp Info: Setting bch sub-encoding to TS1/4 on input line 296.
Package textcomp Info: Setting put sub-encoding to TS1/5 on input line 297.
Package textcomp Info: Setting uag sub-encoding to TS1/5 on input line 298.
Package textcomp Info: Setting ugq sub-encoding to TS1/5 on input line 299.
Package textcomp Info: Setting ul8 sub-encoding to TS1/4 on input line 300.
Package textcomp Info: Setting ul9 sub-encoding to TS1/4 on input line 301.
Package textcomp Info: Setting augie sub-encoding to TS1/5 on input line 302.
Package textcomp Info: Setting dayrom sub-encoding to TS1/3 on input line 303.
Package textcomp Info: Setting dayroms sub-encoding to TS1/3 on input line 304.

Package textcomp Info: Setting pxr sub-encoding to TS1/0 on input line 305.
Package textcomp Info: Setting pxss sub-encoding to TS1/0 on input line 306.
Package textcomp Info: Setting pxtt sub-encoding to TS1/0 on input line 307.
Package textcomp Info: Setting txr sub-encoding to TS1/0 on input line 308.
Package textcomp Info: Setting txss sub-encoding to TS1/0 on input line 309.
Package textcomp Info: Setting txtt sub-encoding to TS1/0 on input line 310.
Package textcomp Info: Setting futs sub-encoding to TS1/4 on input line 311.
Package textcomp Info: Setting futx sub-encoding to TS1/4 on input line 312.
Package textcomp Info: Setting futj sub-encoding to TS1/4 on input line 313.
Package textcomp Info: Setting hlh sub-encoding to TS1/3 on input line 314.
Package textcomp Info: Setting hls sub-encoding to TS1/3 on input line 315.
Package textcomp Info: Setting hlst sub-encoding to TS1/3 on input line 316.
Package textcomp Info: Setting hlct sub-encoding to TS1/5 on input line 317.
Package textcomp Info: Setting hlx sub-encoding to TS1/5 on input line 318.
Package textcomp Info: Setting hlce sub-encoding to TS1/5 on input line 319.
Package textcomp Info: Setting hlcn sub-encoding to TS1/5 on input line 320.
Package textcomp Info: Setting hlcw sub-encoding to TS1/5 on input line 321.
Package textcomp Info: Setting hlcf sub-encoding to TS1/5 on input line 322.
Package textcomp Info: Setting pplx sub-encoding to TS1/3 on input line 323.
Package textcomp Info: Setting pplj sub-encoding to TS1/3 on input line 324.
Package textcomp Info: Setting ptmx sub-encoding to TS1/4 on input line 325.
Package textcomp Info: Setting ptmj sub-encoding to TS1/4 on input line 326.
)) (./bayeshw9.aux)
\openout1 = `bayeshw9.aux'.

LaTeX Font Info:    Checking defaults for OML/cmm/m/it on input line 79.
LaTeX Font Info:    ... okay on input line 79.
LaTeX Font Info:    Checking defaults for T1/cmr/m/n on input line 79.
LaTeX Font Info:    ... okay on input line 79.
LaTeX Font Info:    Checking defaults for OT1/cmr/m/n on input line 79.
LaTeX Font Info:    ... okay on input line 79.
LaTeX Font Info:    Checking defaults for OMS/cmsy/m/n on input line 79.
LaTeX Font Info:    ... okay on input line 79.
LaTeX Font Info:    Checking defaults for OMX/cmex/m/n on input line 79.
LaTeX Font Info:    ... okay on input line 79.
LaTeX Font Info:    Checking defaults for U/cmr/m/n on input line 79.
LaTeX Font Info:    ... okay on input line 79.
LaTeX Font Info:    Checking defaults for TS1/cmr/m/n on input line 79.
LaTeX Font Info:    Try loading font information for TS1+cmr on input line 79.

(/usr/share/texmf-texlive/tex/latex/base/ts1cmr.fd
File: ts1cmr.fd 1999/05/25 v2.5h Standard LaTeX font definitions
)
LaTeX Font Info:    ... okay on input line 79.

(/usr/share/texmf-texlive/tex/context/base/supp-pdf.mkii
[Loading MPS to PDF converter (version 2006.09.02).]
\scratchcounter=\count109
\scratchdimen=\dimen126
\scratchbox=\box56
\nofMPsegments=\count110
\nofMParguments=\count111
\everyMPshowfont=\toks26
\MPscratchCnt=\count112
\MPscratchDim=\dimen127
\MPnumerator=\count113
\everyMPtoPDFconversion=\toks27
)
LaTeX Font Info:    Try loading font information for U+msa on input line 85.
 (/usr/share/texmf-texlive/tex/latex/amsfonts/umsa.fd
File: umsa.fd 2009/06/22 v3.00 AMS symbols A
)
LaTeX Font Info:    Try loading font information for U+msb on input line 85.

(/usr/share/texmf-texlive/tex/latex/amsfonts/umsb.fd
File: umsb.fd 2009/06/22 v3.00 AMS symbols B
)
Package color Info: Redefining color shadecolor on input line 100.

<figure/n01.pdf, id=1, 361.35pt x 289.08pt>
File: figure/n01.pdf Graphic file (type pdf)
 <use figure/n01.pdf>
Package color Info: Redefining color shadecolor on input line 109.

<figure/norms.pdf, id=2, 361.35pt x 289.08pt>
File: figure/norms.pdf Graphic file (type pdf)
 <use figure/norms.pdf>
Package color Info: Redefining color shadecolor on input line 118.

<figure/mvnorms.pdf, id=3, 361.35pt x 289.08pt>
File: figure/mvnorms.pdf Graphic file (type pdf)
 <use figure/mvnorms.pdf>
[1

{/var/lib/texmf/fonts/map/pdftex/updmap/pdftex.map} <./figure/n01.pdf> <./figur
e/norms.pdf>]
Overfull \hbox (1.1784pt too wide) in paragraph at lines 124--125
[]\OT1/cmr/m/n/12 Scenario 4: three from non-stationary cor-re-lated chains us-
ing []\OT1/cmtt/m/n/12 diffinv(rnorm(999))\OT1/cmr/m/n/12 . 
 []

Package color Info: Redefining color shadecolor on input line 127.
<figure/diffinvnorms.pdf, id=22, 361.35pt x 289.08pt>
File: figure/diffinvnorms.pdf Graphic file (type pdf)

<use figure/diffinvnorms.pdf>
Package color Info: Redefining color shadecolor on input line 137.

<figure/statinvnorms.pdf, id=23, 361.35pt x 289.08pt>
File: figure/statinvnorms.pdf Graphic file (type pdf)

<use figure/statinvnorms.pdf>
Underfull \hbox (badness 10000) in paragraph at lines 145--146

 []

[2 <./figure/mvnorms.pdf> <./figure/diffinvnorms.pdf> <./figure/statinvnorms.pd
f>]
Underfull \hbox (badness 10000) in paragraph at lines 189--190

 []

[3]
Package color Info: Redefining color shadecolor on input line 194.
LaTeX Font Info:    Font shape `OT1/cmtt/bx/n' in size <10> not available
(Font)              Font shape `OT1/cmtt/m/n' tried instead on input line 196.

Underfull \hbox (badness 10000) in paragraph at lines 212--213

 []

[4]
Package color Info: Redefining color shadecolor on input line 227.
 <figure/plotprior1.pdf, id=50, 722.7pt x 289.08pt>
File: figure/plotprior1.pdf Graphic file (type pdf)

<use figure/plotprior1.pdf> <figure/plotprior2.pdf, id=51, 722.7pt x 289.08pt>
File: figure/plotprior2.pdf Graphic file (type pdf)

<use figure/plotprior2.pdf> [5 <./figure/plotprior1.pdf> <./figure/plotprior2.p
df>]
Package color Info: Redefining color shadecolor on input line 238.
 <figure/priorsigmatheta.pdf, id=71, 361.35pt x 289.08pt>
File: figure/priorsigmatheta.pdf Graphic file (type pdf)

<use figure/priorsigmatheta.pdf>
Package color Info: Redefining color shadecolor on input line 248.

<figure/comparecanda.pdf, id=72, 361.35pt x 289.08pt>
File: figure/comparecanda.pdf Graphic file (type pdf)

<use figure/comparecanda.pdf> [6 <./figure/priorsigmatheta.pdf> <./figure/compa
recanda.pdf>]
Package color Info: Redefining color shadecolor on input line 265.
LaTeX Font Info:    Try loading font information for OMS+cmtt on input line 268
.
 (/usr/share/R/share/texmf/tex/latex/omscmtt.fd
File: omscmtt.fd 
)
LaTeX Font Info:    Font shape `OMS/cmtt/m/n' in size <10> not available
(Font)              Font shape `OMS/cmsy/m/n' tried instead on input line 268.

<figure/density.pdf, id=90, 361.35pt x 289.08pt>
File: figure/density.pdf Graphic file (type pdf)
 <use figure/density.pdf>
Package color Info: Redefining color shadecolor on input line 290.

<figure/randomdrawsfoldedt.pdf, id=91, 361.35pt x 289.08pt>
File: figure/randomdrawsfoldedt.pdf Graphic file (type pdf)

<use figure/randomdrawsfoldedt.pdf> [7 <./figure/density.pdf>]
Package color Info: Redefining color shadecolor on input line 323.

Overfull \vbox (0.19188pt too high) detected at line 350
 []

[8 <./figure/randomdrawsfoldedt.pdf>]
Package color Info: Redefining color shadecolor on input line 355.

<figure/plotsims.pdf, id=112, 361.35pt x 289.08pt>
File: figure/plotsims.pdf Graphic file (type pdf)
 <use figure/plotsims.pdf>
Package color Info: Redefining color shadecolor on input line 375.

<figure/plotdinvgam.pdf, id=113, 361.35pt x 289.08pt>
File: figure/plotdinvgam.pdf Graphic file (type pdf)

<use figure/plotdinvgam.pdf> [9 <./figure/plotsims.pdf>]
Package color Info: Redefining color shadecolor on input line 393.

<figure/plotpost.pdf, id=123, 722.7pt x 289.08pt>
File: figure/plotpost.pdf Graphic file (type pdf)
 <use figure/plotpost.pdf>
[10 <./figure/plotdinvgam.pdf>]
Package color Info: Redefining color shadecolor on input line 401.

<figure/plotmupost.pdf, id=134, 722.7pt x 289.08pt>
File: figure/plotmupost.pdf Graphic file (type pdf)

<use figure/plotmupost.pdf>
Package color Info: Redefining color shadecolor on input line 412.
 <figure/compare3.pdf, id=135, 722.7pt x 289.08pt>
File: figure/compare3.pdf Graphic file (type pdf)

<use figure/compare3.pdf>
Package color Info: Redefining color shadecolor on input line 420.
 <figure/compare4.pdf, id=136, 722.7pt x 289.08pt>
[11 <./figure/plotpost.pdf> <./figure/plotmupost.pdf>]
File: figure/compare4.pdf Graphic file (type pdf)

<use figure/compare4.pdf>
Package color Info: Redefining color shadecolor on input line 434.
 <figure/plot4sims.pdf, id=154, 361.35pt x 289.08pt>
File: figure/plot4sims.pdf Graphic file (type pdf)

<use figure/plot4sims.pdf>
Package color Info: Redefining color shadecolor on input line 454.
 <figure/plotpost4.pdf, id=155, 722.7pt x 289.08pt>
[12 <./figure/compare3.pdf> <./figure/compare4.pdf> <./figure/plot4sims.pdf>]
File: figure/plotpost4.pdf Graphic file (type pdf)

<use figure/plotpost4.pdf>
Package color Info: Redefining color shadecolor on input line 461.

<figure/plotmupost4.pdf, id=178, 722.7pt x 289.08pt>
File: figure/plotmupost4.pdf Graphic file (type pdf)

<use figure/plotmupost4.pdf>
Underfull \hbox (badness 10000) in paragraph at lines 468--469

 []

[13 <./figure/plotpost4.pdf> <./figure/plotmupost4.pdf>]
Underfull \hbox (badness 10000) in paragraph at lines 477--478

 []

Package color Info: Redefining color shadecolor on input line 482.
<figure/caterpillarplot4.pdf, id=197, 433.62pt x 289.08pt> [14]
File: figure/caterpillarplot4.pdf Graphic file (type pdf)

<use figure/caterpillarplot4.pdf>
Package color Info: Redefining color shadecolor on input line 490.

<figure/caterpillarplot3.pdf, id=201, 433.62pt x 289.08pt>
File: figure/caterpillarplot3.pdf Graphic file (type pdf)

<use figure/caterpillarplot3.pdf>
Package color Info: Redefining color shadecolor on input line 506.
 [15 <./figure/caterpillarplot4.pdf> <./figure/caterpillarplot3.pdf>]
Package color Info: Redefining color shadecolor on input line 551.
 [16]
Package color Info: Redefining color shadecolor on input line 597.
 [17]
Package color Info: Redefining color shadecolor on input line 643.
 [18]
Package color Info: Redefining color shadecolor on input line 689.
 [19] (./bayeshw9.aux) ) 
Here is how much of TeX's memory you used:
 2729 strings out of 495061
 36086 string characters out of 1182621
 88602 words of memory out of 3000000
 5850 multiletter control sequences out of 15000+50000
 12003 words of font info for 48 fonts, out of 3000000 for 9000
 28 hyphenation exceptions out of 8191
 27i,9n,24p,1164b,649s stack positions out of 5000i,500n,10000p,200000b,50000s
</usr/share/texmf-texlive/fonts/type1/public/amsfonts/c
m/cmbx12.pfb></usr/share/texmf-texlive/fonts/type1/public/amsfonts/cm/cmitt10.p
fb></usr/share/texmf-texlive/fonts/type1/public/amsfonts/cm/cmmi12.pfb></usr/sh
are/texmf-texlive/fonts/type1/public/amsfonts/cm/cmmi6.pfb></usr/share/texmf-te
xlive/fonts/type1/public/amsfonts/cm/cmmi8.pfb></usr/share/texmf-texlive/fonts/
type1/public/amsfonts/cm/cmr12.pfb></usr/share/texmf-texlive/fonts/type1/public
/amsfonts/cm/cmr8.pfb></usr/share/texmf-texlive/fonts/type1/public/amsfonts/cm/
cmsy10.pfb></usr/share/texmf-texlive/fonts/type1/public/amsfonts/cm/cmtt10.pfb>
</usr/share/texmf-texlive/fonts/type1/public/amsfonts/cm/cmtt12.pfb>
Output written on bayeshw9.pdf (19 pages, 655843 bytes).
PDF statistics:
 260 PDF objects out of 1000 (max. 8388607)
 0 named destinations out of 1000 (max. 500000)
 111 words of extra memory for PDF output out of 10000 (max. 10000000)

