This is pdfTeX, Version 3.1415926-2.5-1.40.14 (TeX Live 2013/Debian) (format=pdflatex 2014.8.27)  28 SEP 2015 14:19
entering extended mode
 restricted \write18 enabled.
 %&-line parsing enabled.
**bayeshw4.tex
(./bayeshw4.tex
LaTeX2e <2011/06/27>
Babel <3.9h> and hyphenation patterns for 4 languages loaded.
(/usr/share/texlive/texmf-dist/tex/latex/base/article.cls
Document Class: article 2007/10/19 v1.4h Standard LaTeX document class
(/usr/share/texlive/texmf-dist/tex/latex/base/size12.clo
File: size12.clo 2007/10/19 v1.4h Standard LaTeX file (size option)
)
\c@part=\count79
\c@section=\count80
\c@subsection=\count81
\c@subsubsection=\count82
\c@paragraph=\count83
\c@subparagraph=\count84
\c@figure=\count85
\c@table=\count86
\abovecaptionskip=\skip41
\belowcaptionskip=\skip42
\bibindent=\dimen102
)
(/usr/share/texlive/texmf-dist/tex/latex/graphics/graphicx.sty
Package: graphicx 1999/02/16 v1.0f Enhanced LaTeX Graphics (DPC,SPQR)

(/usr/share/texlive/texmf-dist/tex/latex/graphics/keyval.sty
Package: keyval 1999/03/16 v1.13 key=value parser (DPC)
\KV@toks@=\toks14
)
(/usr/share/texlive/texmf-dist/tex/latex/graphics/graphics.sty
Package: graphics 2009/02/05 v1.0o Standard LaTeX Graphics (DPC,SPQR)

(/usr/share/texlive/texmf-dist/tex/latex/graphics/trig.sty
Package: trig 1999/03/16 v1.09 sin cos tan (DPC)
)
(/usr/share/texlive/texmf-dist/tex/latex/latexconfig/graphics.cfg
File: graphics.cfg 2010/04/23 v1.9 graphics configuration of TeX Live
)
Package graphics Info: Driver file: pdftex.def on input line 91.

(/usr/share/texlive/texmf-dist/tex/latex/pdftex-def/pdftex.def
File: pdftex.def 2011/05/27 v0.06d Graphics/color for pdfTeX

(/usr/share/texlive/texmf-dist/tex/generic/oberdiek/infwarerr.sty
Package: infwarerr 2010/04/08 v1.3 Providing info/warning/error messages (HO)
)
(/usr/share/texlive/texmf-dist/tex/generic/oberdiek/ltxcmds.sty
Package: ltxcmds 2011/11/09 v1.22 LaTeX kernel commands for general use (HO)
)
\Gread@gobject=\count87
))
\Gin@req@height=\dimen103
\Gin@req@width=\dimen104
)
(/usr/share/texlive/texmf-dist/tex/latex/graphics/color.sty
Package: color 2005/11/14 v1.0j Standard LaTeX Color (DPC)

(/usr/share/texlive/texmf-dist/tex/latex/latexconfig/color.cfg
File: color.cfg 2007/01/18 v1.5 color configuration of teTeX/TeXLive
)
Package color Info: Driver file: pdftex.def on input line 130.
)
(/usr/share/texlive/texmf-dist/tex/latex/framed/framed.sty
Package: framed 2011/10/22 v 0.96: framed or shaded text with page breaks
\OuterFrameSep=\skip43
\fb@frw=\dimen105
\fb@frh=\dimen106
\FrameRule=\dimen107
\FrameSep=\dimen108
)
(/usr/share/texlive/texmf-dist/tex/latex/base/alltt.sty
Package: alltt 1997/06/16 v2.0g defines alltt environment
)
(/usr/share/texlive/texmf-dist/tex/latex/amsfonts/amssymb.sty
Package: amssymb 2013/01/14 v3.01 AMS font symbols

(/usr/share/texlive/texmf-dist/tex/latex/amsfonts/amsfonts.sty
Package: amsfonts 2013/01/14 v3.01 Basic AMSFonts support
\@emptytoks=\toks15
\symAMSa=\mathgroup4
\symAMSb=\mathgroup5
LaTeX Font Info:    Overwriting math alphabet `\mathfrak' in version `bold'
(Font)                  U/euf/m/n --> U/euf/b/n on input line 106.
))
(/usr/share/texlive/texmf-dist/tex/latex/amsmath/amsmath.sty
Package: amsmath 2013/01/14 v2.14 AMS math features
\@mathmargin=\skip44

For additional information on amsmath, use the `?' option.
(/usr/share/texlive/texmf-dist/tex/latex/amsmath/amstext.sty
Package: amstext 2000/06/29 v2.01

(/usr/share/texlive/texmf-dist/tex/latex/amsmath/amsgen.sty
File: amsgen.sty 1999/11/30 v2.0
\@emptytoks=\toks16
\ex@=\dimen109
))
(/usr/share/texlive/texmf-dist/tex/latex/amsmath/amsbsy.sty
Package: amsbsy 1999/11/29 v1.2d
\pmbraise@=\dimen110
)
(/usr/share/texlive/texmf-dist/tex/latex/amsmath/amsopn.sty
Package: amsopn 1999/12/14 v2.01 operator names
)
\inf@bad=\count88
LaTeX Info: Redefining \frac on input line 210.
\uproot@=\count89
\leftroot@=\count90
LaTeX Info: Redefining \overline on input line 306.
\classnum@=\count91
\DOTSCASE@=\count92
LaTeX Info: Redefining \ldots on input line 378.
LaTeX Info: Redefining \dots on input line 381.
LaTeX Info: Redefining \cdots on input line 466.
\Mathstrutbox@=\box26
\strutbox@=\box27
\big@size=\dimen111
LaTeX Font Info:    Redeclaring font encoding OML on input line 566.
LaTeX Font Info:    Redeclaring font encoding OMS on input line 567.
\macc@depth=\count93
\c@MaxMatrixCols=\count94
\dotsspace@=\muskip10
\c@parentequation=\count95
\dspbrk@lvl=\count96
\tag@help=\toks17
\row@=\count97
\column@=\count98
\maxfields@=\count99
\andhelp@=\toks18
\eqnshift@=\dimen112
\alignsep@=\dimen113
\tagshift@=\dimen114
\tagwidth@=\dimen115
\totwidth@=\dimen116
\lineht@=\dimen117
\@envbody=\toks19
\multlinegap=\skip45
\multlinetaggap=\skip46
\mathdisplay@stack=\toks20
LaTeX Info: Redefining \[ on input line 2665.
LaTeX Info: Redefining \] on input line 2666.
)
(/usr/share/texlive/texmf-dist/tex/latex/tools/enumerate.sty
Package: enumerate 1999/03/05 v3.00 enumerate extensions (DPC)
\@enLab=\toks21
)
(/usr/share/texlive/texmf-dist/tex/latex/float/float.sty
Package: float 2001/11/08 v1.3d Float enhancements (AL)
\c@float@type=\count100
\float@exts=\toks22
\float@box=\box28
\@float@everytoks=\toks23
\@floatcapt=\box29
)
(/usr/share/texlive/texmf-dist/tex/latex/tools/verbatim.sty
Package: verbatim 2003/08/22 v1.5q LaTeX2e package for verbatim enhancements
\every@verbatim=\toks24
\verbatim@line=\toks25
\verbatim@in@stream=\read1
)
(/usr/share/texlive/texmf-dist/tex/latex/setspace/setspace.sty
Package: setspace 2011/12/19 v6.7a set line spacing
)
(/usr/share/texlive/texmf-dist/tex/latex/tools/multicol.sty
Package: multicol 2011/06/27 v1.7a multicolumn formatting (FMi)
\c@tracingmulticols=\count101
\mult@box=\box30
\multicol@leftmargin=\dimen118
\c@unbalance=\count102
\c@collectmore=\count103
\doublecol@number=\count104
\multicoltolerance=\count105
\multicolpretolerance=\count106
\full@width=\dimen119
\page@free=\dimen120
\premulticols=\dimen121
\postmulticols=\dimen122
\multicolsep=\skip47
\multicolbaselineskip=\skip48
\partial@page=\box31
\last@line=\box32
\mult@rightbox=\box33
\mult@grightbox=\box34
\mult@gfirstbox=\box35
\mult@firstbox=\box36
\@tempa=\box37
\@tempa=\box38
\@tempa=\box39
\@tempa=\box40
\@tempa=\box41
\@tempa=\box42
\@tempa=\box43
\@tempa=\box44
\@tempa=\box45
\@tempa=\box46
\@tempa=\box47
\@tempa=\box48
\@tempa=\box49
\@tempa=\box50
\@tempa=\box51
\@tempa=\box52
\@tempa=\box53
\c@columnbadness=\count107
\c@finalcolumnbadness=\count108
\last@try=\dimen123
\multicolovershoot=\dimen124
\multicolundershoot=\dimen125
\mult@nat@firstbox=\box54
\colbreak@box=\box55
\multicol@sort@counter=\count109
)
(/usr/share/texlive/texmf-dist/tex/latex/upquote/upquote.sty
Package: upquote 2012/04/19 v1.3 upright-quote and grave-accent glyphs in verba
tim
) (./bayeshw4.aux)
\openout1 = `bayeshw4.aux'.

LaTeX Font Info:    Checking defaults for OML/cmm/m/it on input line 80.
LaTeX Font Info:    ... okay on input line 80.
LaTeX Font Info:    Checking defaults for T1/cmr/m/n on input line 80.
LaTeX Font Info:    ... okay on input line 80.
LaTeX Font Info:    Checking defaults for OT1/cmr/m/n on input line 80.
LaTeX Font Info:    ... okay on input line 80.
LaTeX Font Info:    Checking defaults for OMS/cmsy/m/n on input line 80.
LaTeX Font Info:    ... okay on input line 80.
LaTeX Font Info:    Checking defaults for OMX/cmex/m/n on input line 80.
LaTeX Font Info:    ... okay on input line 80.
LaTeX Font Info:    Checking defaults for U/cmr/m/n on input line 80.
LaTeX Font Info:    ... okay on input line 80.

(/usr/share/texlive/texmf-dist/tex/context/base/supp-pdf.mkii
[Loading MPS to PDF converter (version 2006.09.02).]
\scratchcounter=\count110
\scratchdimen=\dimen126
\scratchbox=\box56
\nofMPsegments=\count111
\nofMParguments=\count112
\everyMPshowfont=\toks26
\MPscratchCnt=\count113
\MPscratchDim=\dimen127
\MPnumerator=\count114
\makeMPintoPDFobject=\count115
\everyMPtoPDFconversion=\toks27
) (/usr/share/texlive/texmf-dist/tex/generic/oberdiek/pdftexcmds.sty
Package: pdftexcmds 2011/11/29 v0.20 Utility functions of pdfTeX for LuaTeX (HO
)

(/usr/share/texlive/texmf-dist/tex/generic/oberdiek/ifluatex.sty
Package: ifluatex 2010/03/01 v1.3 Provides the ifluatex switch (HO)
Package ifluatex Info: LuaTeX not detected.
)
(/usr/share/texlive/texmf-dist/tex/generic/oberdiek/ifpdf.sty
Package: ifpdf 2011/01/30 v2.3 Provides the ifpdf switch (HO)
Package ifpdf Info: pdfTeX in PDF mode is detected.
)
Package pdftexcmds Info: LuaTeX not detected.
Package pdftexcmds Info: \pdf@primitive is available.
Package pdftexcmds Info: \pdf@ifprimitive is available.
Package pdftexcmds Info: \pdfdraftmode found.
)
(/usr/share/texlive/texmf-dist/tex/latex/oberdiek/epstopdf-base.sty
Package: epstopdf-base 2010/02/09 v2.5 Base part for package epstopdf

(/usr/share/texlive/texmf-dist/tex/latex/oberdiek/grfext.sty
Package: grfext 2010/08/19 v1.1 Manage graphics extensions (HO)

(/usr/share/texlive/texmf-dist/tex/generic/oberdiek/kvdefinekeys.sty
Package: kvdefinekeys 2011/04/07 v1.3 Define keys (HO)
))
(/usr/share/texlive/texmf-dist/tex/latex/oberdiek/kvoptions.sty
Package: kvoptions 2011/06/30 v3.11 Key value format for package options (HO)

(/usr/share/texlive/texmf-dist/tex/generic/oberdiek/kvsetkeys.sty
Package: kvsetkeys 2012/04/25 v1.16 Key value parser (HO)

(/usr/share/texlive/texmf-dist/tex/generic/oberdiek/etexcmds.sty
Package: etexcmds 2011/02/16 v1.5 Avoid name clashes with e-TeX commands (HO)
Package etexcmds Info: Could not find \expanded.
(etexcmds)             That can mean that you are not using pdfTeX 1.50 or
(etexcmds)             that some package has redefined \expanded.
(etexcmds)             In the latter case, load this package earlier.
)))
Package grfext Info: Graphics extension search list:
(grfext)             [.png,.pdf,.jpg,.mps,.jpeg,.jbig2,.jb2,.PNG,.PDF,.JPG,.JPE
G,.JBIG2,.JB2,.eps]
(grfext)             \AppendGraphicsExtensions on input line 452.

(/usr/share/texlive/texmf-dist/tex/latex/latexconfig/epstopdf-sys.cfg
File: epstopdf-sys.cfg 2010/07/13 v1.3 Configuration of (r)epstopdf for TeX Liv
e
))
LaTeX Font Info:    Try loading font information for U+msa on input line 86.

(/usr/share/texlive/texmf-dist/tex/latex/amsfonts/umsa.fd
File: umsa.fd 2013/01/14 v3.01 AMS symbols A
)
LaTeX Font Info:    Try loading font information for U+msb on input line 86.

(/usr/share/texlive/texmf-dist/tex/latex/amsfonts/umsb.fd
File: umsb.fd 2013/01/14 v3.01 AMS symbols B
) [1

{/var/lib/texmf/fonts/map/pdftex/updmap/pdftex.map}]
Package color Info: Redefining color shadecolor on input line 123.
LaTeX Font Info:    Font shape `OT1/cmtt/bx/n' in size <10> not available
(Font)              Font shape `OT1/cmtt/m/n' tried instead on input line 126.
LaTeX Font Info:    Try loading font information for OMS+cmtt on input line 126
.

(/usr/share/R/share/texmf/tex/latex/omscmtt.fd
File: omscmtt.fd 
)
LaTeX Font Info:    Font shape `OMS/cmtt/m/n' in size <10> not available
(Font)              Font shape `OMS/cmsy/m/n' tried instead on input line 126.
Package color Info: Redefining color shadecolor on input line 148.

<figure/histograms-1.pdf, id=10, 867.24pt x 289.08pt>
File: figure/histograms-1.pdf Graphic file (type pdf)

<use figure/histograms-1.pdf>
Package pdftex.def Info: figure/histograms-1.pdf used on input line 149.
(pdftex.def)             Requested size: 476.5153pt x 158.8401pt.
Package color Info: Redefining color shadecolor on input line 160.
 <figure/ciplot-1.pdf, id=11, 722.7pt x 289.08pt>
File: figure/ciplot-1.pdf Graphic file (type pdf)

<use figure/ciplot-1.pdf>
Package pdftex.def Info: figure/ciplot-1.pdf used on input line 161.
(pdftex.def)             Requested size: 476.5153pt x 190.60812pt.
 [2 <./figure/histograms-1.pdf>] [3 <./figure/ciplot-1.pdf>]
Package color Info: Redefining color shadecolor on input line 218.
 <figure/codetransform-1.pdf, id=33, 1156.32pt x 289.08pt>
File: figure/codetransform-1.pdf Graphic file (type pdf)

<use figure/codetransform-1.pdf>
Package pdftex.def Info: figure/codetransform-1.pdf used on input line 219.
(pdftex.def)             Requested size: 476.5153pt x 119.12787pt.

<figure/codetransform-2.pdf, id=34, 1156.32pt x 289.08pt>
File: figure/codetransform-2.pdf Graphic file (type pdf)

<use figure/codetransform-2.pdf>
Package pdftex.def Info: figure/codetransform-2.pdf used on input line 221.
(pdftex.def)             Requested size: 476.5153pt x 119.12787pt.
 [4 <./figure/codetransform-1.pdf> <./figure/codetransform-2.pdf>]

Package amsmath Warning: Foreign command \atopwithdelims;
(amsmath)                \frac or \genfrac should be used instead
(amsmath)                 on input line 237.

Package color Info: Redefining color shadecolor on input line 245.
<figure/postpreddraws-1.pdf, id=54, 361.35pt x 289.08pt>
File: figure/postpreddraws-1.pdf Graphic file (type pdf)

<use figure/postpreddraws-1.pdf>
Package pdftex.def Info: figure/postpreddraws-1.pdf used on input line 246.
(pdftex.def)             Requested size: 238.25764pt x 190.60812pt.
 [5]
Package color Info: Redefining color shadecolor on input line 254.

<figure/postpreddraws2-1.pdf, id=59, 361.35pt x 289.08pt>
File: figure/postpreddraws2-1.pdf Graphic file (type pdf)

<use figure/postpreddraws2-1.pdf>
Package pdftex.def Info: figure/postpreddraws2-1.pdf used on input line 255.
(pdftex.def)             Requested size: 238.25764pt x 190.60812pt.

Underfull \hbox (badness 10000) in paragraph at lines 260--261

 []

[6 <./figure/postpreddraws-1.pdf> <./figure/postpreddraws2-1.pdf>]
Package color Info: Redefining color shadecolor on input line 275.

<figure/priorpred-1.pdf, id=75, 722.7pt x 289.08pt>
File: figure/priorpred-1.pdf Graphic file (type pdf)

<use figure/priorpred-1.pdf>
Package pdftex.def Info: figure/priorpred-1.pdf used on input line 276.
(pdftex.def)             Requested size: 476.5153pt x 190.60812pt.
 [7]
Package color Info: Redefining color shadecolor on input line 299.

<figure/drawmatrix-1.pdf, id=82, 722.7pt x 433.62pt>
File: figure/drawmatrix-1.pdf Graphic file (type pdf)

<use figure/drawmatrix-1.pdf>
Package pdftex.def Info: figure/drawmatrix-1.pdf used on input line 300.
(pdftex.def)             Requested size: 476.5153pt x 285.91219pt.
 [8 <./figure/priorpred-1.pdf>]
Package color Info: Redefining color shadecolor on input line 308.

<figure/postsds-1.pdf, id=92, 361.35pt x 289.08pt>
File: figure/postsds-1.pdf Graphic file (type pdf)
 <use figure/postsds-1.pdf>
Package pdftex.def Info: figure/postsds-1.pdf used on input line 309.
(pdftex.def)             Requested size: 238.25764pt x 190.60812pt.

[9 <./figure/drawmatrix-1.pdf>]
Package color Info: Redefining color shadecolor on input line 315.

<figure/otherdraws-1.pdf, id=102, 505.89pt x 289.08pt>
File: figure/otherdraws-1.pdf Graphic file (type pdf)

<use figure/otherdraws-1.pdf>
Package pdftex.def Info: figure/otherdraws-1.pdf used on input line 316.
(pdftex.def)             Requested size: 476.5153pt x 272.29984pt.
Package color Info: Redefining color shadecolor on input line 325.

<figure/postmax-1.pdf, id=103, 361.35pt x 289.08pt>
File: figure/postmax-1.pdf Graphic file (type pdf)
 <use figure/postmax-1.pdf>
Package pdftex.def Info: figure/postmax-1.pdf used on input line 326.
(pdftex.def)             Requested size: 238.25764pt x 190.60812pt.

[10 <./figure/postsds-1.pdf> <./figure/otherdraws-1.pdf>]
Package color Info: Redefining color shadecolor on input line 332.

<figure/explore2-1.pdf, id=119, 505.89pt x 289.08pt>
File: figure/explore2-1.pdf Graphic file (type pdf)

<use figure/explore2-1.pdf>
Package pdftex.def Info: figure/explore2-1.pdf used on input line 333.
(pdftex.def)             Requested size: 476.5153pt x 272.29984pt.

Underfull \hbox (badness 10000) in paragraph at lines 345--347

 []

[11 <./figure/postmax-1.pdf> <./figure/explore2-1.pdf>] [12]
Underfull \hbox (badness 10000) in paragraph at lines 375--377

 []

[13]
Underfull \hbox (badness 10000) in paragraph at lines 378--379

 []


Underfull \hbox (badness 10000) in paragraph at lines 380--381

 []

[14]
Package color Info: Redefining color shadecolor on input line 387.
LaTeX Font Info:    Font shape `OMS/cmtt/m/it' in size <10> not available
(Font)              Font shape `OMS/cmsy/m/n' tried instead on input line 395.
 [15]
Package color Info: Redefining color shadecolor on input line 452.
Package color Info: Redefining color shadecolor on input line 475.
 [16]
Package color Info: Redefining color shadecolor on input line 519.
 [17]
Package color Info: Redefining color shadecolor on input line 574.

Overfull \hbox (234.35355pt too wide) in paragraph at lines 576--576
[][]\OT1/cmtt/m/n/10 a[] []<-[] []c[][]([][]rep[][]([][]"0.5"[][],[][]1000[][])
,[] []rep[][]([][]"0.1"[][],[][]1000[][]),[] []rep[][]([][]"0.01"[][],[] []1000
[][]),[] []rep[][]([][]"0.001"[][],[] []1000[][]),[] []rep[][]([][]"0.00001"[][
],[] []1000[][]),[] []rep[][]([][]"rgamma"[][],[][]1000[][]),[] []rep[][]([][]"
true"[][],[] []10000[][]))[][] 
 []


Overfull \hbox (213.35373pt too wide) in paragraph at lines 578--578
[][]\OT1/cmtt/m/n/10 test[] []<-[] []c[][]([][]as.numeric[][](grid.drawsbig), g
rid.drawsmiddle, grid.drawsmid, grid.drawsmid2, grid.draws, post.draws1000,[] [
]rgamma[][]([][]10000[][],[] []429[][],[] []21[][]))[][] 
 []

Package color Info: Redefining color shadecolor on input line 587.
Package color Info: Redefining color shadecolor on input line 611.

Overfull \hbox (15.59158pt too wide) in paragraph at lines 619--619
[][]\OT1/cmtt/m/it/10 #hist(post.draws1000^2/(1-post.draws1000), main=expressio
n(paste("n=1000, ", lambda^2/(1-lambda))))[][] 
 []


Overfull \hbox (24.35538pt too wide) in paragraph at lines 620--620
[][]\OT1/cmtt/m/n/10 hist[][](post.draws10000[][]^[][]2[][]/[][]([][]1[][]-[][]
post.draws10000),[] []main[][]=[][]expression[][]([][]paste[][]([][]"n=10000, "
[][], lambda[][]^[][]2[][]/[][]([][]1[][]-[][]lambda))))[][] 
 []

[18]
Package color Info: Redefining color shadecolor on input line 633.

Overfull \hbox (92.60478pt too wide) in paragraph at lines 638--638
[][]\OT1/cmtt/m/n/10 barplot[][]([][]table[][]([][]factor[][](postpred,[] []lev
els[] []=[] []6[][]:[][]38[][]))[][]/[][]10000[][],[]  []main[][]=[][]"Approx P
osterior Predictive Distribution"[][],[] []density[][]=[][]0[][])[][] 
 []

Package color Info: Redefining color shadecolor on input line 644.

Overfull \hbox (297.353pt too wide) in paragraph at lines 648--648
[][]\OT1/cmtt/m/n/10 barplot[][]([][]table[][]([][]factor[][](postpred,[] []lev
els[] []=[] []6[][]:[][]38[][]))[][]/[][]10000[][],[]  []main[][]=[][]"Approx P
osterior Predictive Distribution with Overlay of Truth"[][],[] []col[][]=[][]"l
ightblue"[][],[] []density[][]=[][]0[][])[][] 
 []

Package color Info: Redefining color shadecolor on input line 656.
Package color Info: Redefining color shadecolor on input line 669.

Overfull \hbox (187.10396pt too wide) in paragraph at lines 680--680
[]  []\OT1/cmtt/m/n/10 stripchart[][](postmatrix[i,],[] []method[][]=[][]"stack
"[][],[] []at[][]=[][]0.15[][],[] []offset[][]=[][]0.9[][],[] []xlab[][]=[][]""
[][],[] []main[][]=[][]paste[][]([][]"Draw"[][], i),[] []xlim[][]=[][]c[][]([][
]9[][],[] []40[][]),[] []ylim[][]=[][]c[][]([][]0.15[][],[] []0.25[][]))[][] 
 []

Package color Info: Redefining color shadecolor on input line 687.
Package color Info: Redefining color shadecolor on input line 700.
[19]
Package color Info: Redefining color shadecolor on input line 754.

Overfull \hbox (181.854pt too wide) in paragraph at lines 757--757
[][]\OT1/cmtt/m/n/10 stripchart[][](max,[] []method[][]=[][]"stack"[][],[] []at
[][]=[][]0.15[][],[] []offset[][]=[][]0.1[][],[] []xlab[][]=[][]""[][],[] []mai
n[][]=[][]"Approx Post Pred Dist for Sample Max"[][],[] []cex[][]=[][]0.4[][],[
] []xlim[][]=[][]c[][]([][]22[][],[] []43[][]))[][] 
 []

Package color Info: Redefining color shadecolor on input line 764.
[20]
Overfull \hbox (202.85382pt too wide) in paragraph at lines 768--768
[][]\OT1/cmtt/m/n/10 stripchart[][](max388,[] []method[][]=[][]"stack"[][],[] [
]at[][]=[][]0.15[][],[] []offset[][]=[][]0.03[][],[] []xlab[][]=[][]""[][],[] [
]main[][]=[][]"Approx Post Pred Dist for Sample Max"[][],[] []cex[][]=[][]0.4[]
[],[] []xlim[][]=[][]c[][]([][]22[][],[] []43[][]))[][] 
 []


Overfull \hbox (202.85382pt too wide) in paragraph at lines 772--772
[][]\OT1/cmtt/m/n/10 stripchart[][](max428,[] []method[][]=[][]"stack"[][],[] [
]at[][]=[][]0.15[][],[] []offset[][]=[][]0.03[][],[] []xlab[][]=[][]""[][],[] [
]main[][]=[][]"Approx Post Pred Dist for Sample Max"[][],[] []cex[][]=[][]0.4[]
[],[] []xlim[][]=[][]c[][]([][]22[][],[] []43[][]))[][] 
 []


Overfull \hbox (202.85382pt too wide) in paragraph at lines 776--776
[][]\OT1/cmtt/m/n/10 stripchart[][](max439,[] []method[][]=[][]"stack"[][],[] [
]at[][]=[][]0.15[][],[] []offset[][]=[][]0.03[][],[] []xlab[][]=[][]""[][],[] [
]main[][]=[][]"Approx Post Pred Dist for Sample Max"[][],[] []cex[][]=[][]0.4[]
[],[] []xlim[][]=[][]c[][]([][]22[][],[] []43[][]))[][] 
 []


Overfull \hbox (202.85382pt too wide) in paragraph at lines 780--780
[][]\OT1/cmtt/m/n/10 stripchart[][](max396,[] []method[][]=[][]"stack"[][],[] [
]at[][]=[][]0.15[][],[] []offset[][]=[][]0.03[][],[] []xlab[][]=[][]""[][],[] [
]main[][]=[][]"Approx Post Pred Dist for Sample Max"[][],[] []cex[][]=[][]0.4[]
[],[] []xlim[][]=[][]c[][]([][]22[][],[] []43[][]))[][] 
 []

[21] (./bayeshw4.aux) ) 
Here is how much of TeX's memory you used:
 2848 strings out of 494985
 38741 string characters out of 6180356
 128223 words of memory out of 5000000
 5989 multiletter control sequences out of 15000+600000
 12350 words of font info for 49 fonts, out of 8000000 for 9000
 36 hyphenation exceptions out of 8191
 38i,14n,26p,1495b,455s stack positions out of 5000i,500n,10000p,200000b,80000s
</usr/share/texlive/texmf-dist/fonts/type1/public/amsfon
ts/cm/cmbx12.pfb></usr/share/texlive/texmf-dist/fonts/type1/public/amsfonts/cm/
cmex10.pfb></usr/share/texlive/texmf-dist/fonts/type1/public/amsfonts/cm/cmitt1
0.pfb></usr/share/texlive/texmf-dist/fonts/type1/public/amsfonts/cm/cmmi12.pfb>
</usr/share/texlive/texmf-dist/fonts/type1/public/amsfonts/cm/cmmi6.pfb></usr/s
hare/texlive/texmf-dist/fonts/type1/public/amsfonts/cm/cmmi8.pfb></usr/share/te
xlive/texmf-dist/fonts/type1/public/amsfonts/cm/cmr12.pfb></usr/share/texlive/t
exmf-dist/fonts/type1/public/amsfonts/cm/cmr6.pfb></usr/share/texlive/texmf-dis
t/fonts/type1/public/amsfonts/cm/cmr8.pfb></usr/share/texlive/texmf-dist/fonts/
type1/public/amsfonts/cm/cmsy10.pfb></usr/share/texlive/texmf-dist/fonts/type1/
public/amsfonts/cm/cmsy6.pfb></usr/share/texlive/texmf-dist/fonts/type1/public/
amsfonts/cm/cmsy8.pfb></usr/share/texlive/texmf-dist/fonts/type1/public/amsfont
s/cm/cmti12.pfb></usr/share/texlive/texmf-dist/fonts/type1/public/amsfonts/cm/c
mtt10.pfb></usr/share/texlive/texmf-dist/fonts/type1/public/amsfonts/cm/cmtt12.
pfb>
Output written on bayeshw4.pdf (21 pages, 303740 bytes).
PDF statistics:
 216 PDF objects out of 1000 (max. 8388607)
 152 compressed objects within 2 object streams
 0 named destinations out of 1000 (max. 500000)
 61 words of extra memory for PDF output out of 10000 (max. 10000000)

