This is pdfTeX, Version 3.1415926-2.5-1.40.14 (TeX Live 2013/Debian) (format=pdflatex 2014.8.27)  12 NOV 2015 09:48
entering extended mode
 restricted \write18 enabled.
 %&-line parsing enabled.
**bayesmidterm2.tex
(./bayesmidterm2.tex
LaTeX2e <2011/06/27>
Babel <3.9h> and hyphenation patterns for 4 languages loaded.
(/usr/share/texlive/texmf-dist/tex/latex/base/article.cls
Document Class: article 2007/10/19 v1.4h Standard LaTeX document class
(/usr/share/texlive/texmf-dist/tex/latex/base/size12.clo
File: size12.clo 2007/10/19 v1.4h Standard LaTeX file (size option)
)
\c@part=\count79
\c@section=\count80
\c@subsection=\count81
\c@subsubsection=\count82
\c@paragraph=\count83
\c@subparagraph=\count84
\c@figure=\count85
\c@table=\count86
\abovecaptionskip=\skip41
\belowcaptionskip=\skip42
\bibindent=\dimen102
)
(/usr/share/texlive/texmf-dist/tex/latex/graphics/graphicx.sty
Package: graphicx 1999/02/16 v1.0f Enhanced LaTeX Graphics (DPC,SPQR)

(/usr/share/texlive/texmf-dist/tex/latex/graphics/keyval.sty
Package: keyval 1999/03/16 v1.13 key=value parser (DPC)
\KV@toks@=\toks14
)
(/usr/share/texlive/texmf-dist/tex/latex/graphics/graphics.sty
Package: graphics 2009/02/05 v1.0o Standard LaTeX Graphics (DPC,SPQR)

(/usr/share/texlive/texmf-dist/tex/latex/graphics/trig.sty
Package: trig 1999/03/16 v1.09 sin cos tan (DPC)
)
(/usr/share/texlive/texmf-dist/tex/latex/latexconfig/graphics.cfg
File: graphics.cfg 2010/04/23 v1.9 graphics configuration of TeX Live
)
Package graphics Info: Driver file: pdftex.def on input line 91.

(/usr/share/texlive/texmf-dist/tex/latex/pdftex-def/pdftex.def
File: pdftex.def 2011/05/27 v0.06d Graphics/color for pdfTeX

(/usr/share/texlive/texmf-dist/tex/generic/oberdiek/infwarerr.sty
Package: infwarerr 2010/04/08 v1.3 Providing info/warning/error messages (HO)
)
(/usr/share/texlive/texmf-dist/tex/generic/oberdiek/ltxcmds.sty
Package: ltxcmds 2011/11/09 v1.22 LaTeX kernel commands for general use (HO)
)
\Gread@gobject=\count87
))
\Gin@req@height=\dimen103
\Gin@req@width=\dimen104
)
(/usr/share/texlive/texmf-dist/tex/latex/graphics/color.sty
Package: color 2005/11/14 v1.0j Standard LaTeX Color (DPC)

(/usr/share/texlive/texmf-dist/tex/latex/latexconfig/color.cfg
File: color.cfg 2007/01/18 v1.5 color configuration of teTeX/TeXLive
)
Package color Info: Driver file: pdftex.def on input line 130.
)
(/usr/share/texlive/texmf-dist/tex/latex/framed/framed.sty
Package: framed 2011/10/22 v 0.96: framed or shaded text with page breaks
\OuterFrameSep=\skip43
\fb@frw=\dimen105
\fb@frh=\dimen106
\FrameRule=\dimen107
\FrameSep=\dimen108
)
(/usr/share/texlive/texmf-dist/tex/latex/base/alltt.sty
Package: alltt 1997/06/16 v2.0g defines alltt environment
)
(/usr/share/texlive/texmf-dist/tex/latex/amsfonts/amssymb.sty
Package: amssymb 2013/01/14 v3.01 AMS font symbols

(/usr/share/texlive/texmf-dist/tex/latex/amsfonts/amsfonts.sty
Package: amsfonts 2013/01/14 v3.01 Basic AMSFonts support
\@emptytoks=\toks15
\symAMSa=\mathgroup4
\symAMSb=\mathgroup5
LaTeX Font Info:    Overwriting math alphabet `\mathfrak' in version `bold'
(Font)                  U/euf/m/n --> U/euf/b/n on input line 106.
))
(/usr/share/texlive/texmf-dist/tex/latex/amsmath/amsmath.sty
Package: amsmath 2013/01/14 v2.14 AMS math features
\@mathmargin=\skip44

For additional information on amsmath, use the `?' option.
(/usr/share/texlive/texmf-dist/tex/latex/amsmath/amstext.sty
Package: amstext 2000/06/29 v2.01

(/usr/share/texlive/texmf-dist/tex/latex/amsmath/amsgen.sty
File: amsgen.sty 1999/11/30 v2.0
\@emptytoks=\toks16
\ex@=\dimen109
))
(/usr/share/texlive/texmf-dist/tex/latex/amsmath/amsbsy.sty
Package: amsbsy 1999/11/29 v1.2d
\pmbraise@=\dimen110
)
(/usr/share/texlive/texmf-dist/tex/latex/amsmath/amsopn.sty
Package: amsopn 1999/12/14 v2.01 operator names
)
\inf@bad=\count88
LaTeX Info: Redefining \frac on input line 210.
\uproot@=\count89
\leftroot@=\count90
LaTeX Info: Redefining \overline on input line 306.
\classnum@=\count91
\DOTSCASE@=\count92
LaTeX Info: Redefining \ldots on input line 378.
LaTeX Info: Redefining \dots on input line 381.
LaTeX Info: Redefining \cdots on input line 466.
\Mathstrutbox@=\box26
\strutbox@=\box27
\big@size=\dimen111
LaTeX Font Info:    Redeclaring font encoding OML on input line 566.
LaTeX Font Info:    Redeclaring font encoding OMS on input line 567.
\macc@depth=\count93
\c@MaxMatrixCols=\count94
\dotsspace@=\muskip10
\c@parentequation=\count95
\dspbrk@lvl=\count96
\tag@help=\toks17
\row@=\count97
\column@=\count98
\maxfields@=\count99
\andhelp@=\toks18
\eqnshift@=\dimen112
\alignsep@=\dimen113
\tagshift@=\dimen114
\tagwidth@=\dimen115
\totwidth@=\dimen116
\lineht@=\dimen117
\@envbody=\toks19
\multlinegap=\skip45
\multlinetaggap=\skip46
\mathdisplay@stack=\toks20
LaTeX Info: Redefining \[ on input line 2665.
LaTeX Info: Redefining \] on input line 2666.
)
(/usr/share/texlive/texmf-dist/tex/latex/tools/enumerate.sty
Package: enumerate 1999/03/05 v3.00 enumerate extensions (DPC)
\@enLab=\toks21
)
(/usr/share/texlive/texmf-dist/tex/latex/tools/verbatim.sty
Package: verbatim 2003/08/22 v1.5q LaTeX2e package for verbatim enhancements
\every@verbatim=\toks22
\verbatim@line=\toks23
\verbatim@in@stream=\read1
)
(/usr/share/texlive/texmf-dist/tex/latex/tools/multicol.sty
Package: multicol 2011/06/27 v1.7a multicolumn formatting (FMi)
\c@tracingmulticols=\count100
\mult@box=\box28
\multicol@leftmargin=\dimen118
\c@unbalance=\count101
\c@collectmore=\count102
\doublecol@number=\count103
\multicoltolerance=\count104
\multicolpretolerance=\count105
\full@width=\dimen119
\page@free=\dimen120
\premulticols=\dimen121
\postmulticols=\dimen122
\multicolsep=\skip47
\multicolbaselineskip=\skip48
\partial@page=\box29
\last@line=\box30
\mult@rightbox=\box31
\mult@grightbox=\box32
\mult@gfirstbox=\box33
\mult@firstbox=\box34
\@tempa=\box35
\@tempa=\box36
\@tempa=\box37
\@tempa=\box38
\@tempa=\box39
\@tempa=\box40
\@tempa=\box41
\@tempa=\box42
\@tempa=\box43
\@tempa=\box44
\@tempa=\box45
\@tempa=\box46
\@tempa=\box47
\@tempa=\box48
\@tempa=\box49
\@tempa=\box50
\@tempa=\box51
\c@columnbadness=\count106
\c@finalcolumnbadness=\count107
\last@try=\dimen123
\multicolovershoot=\dimen124
\multicolundershoot=\dimen125
\mult@nat@firstbox=\box52
\colbreak@box=\box53
\multicol@sort@counter=\count108
)
(/usr/share/texlive/texmf-dist/tex/latex/float/float.sty
Package: float 2001/11/08 v1.3d Float enhancements (AL)
\c@float@type=\count109
\float@exts=\toks24
\float@box=\box54
\@float@everytoks=\toks25
\@floatcapt=\box55
)
(/usr/share/texlive/texmf-dist/tex/latex/upquote/upquote.sty
Package: upquote 2012/04/19 v1.3 upright-quote and grave-accent glyphs in verba
tim
)
(./bayesmidterm2.aux)
\openout1 = `bayesmidterm2.aux'.

LaTeX Font Info:    Checking defaults for OML/cmm/m/it on input line 78.
LaTeX Font Info:    ... okay on input line 78.
LaTeX Font Info:    Checking defaults for T1/cmr/m/n on input line 78.
LaTeX Font Info:    ... okay on input line 78.
LaTeX Font Info:    Checking defaults for OT1/cmr/m/n on input line 78.
LaTeX Font Info:    ... okay on input line 78.
LaTeX Font Info:    Checking defaults for OMS/cmsy/m/n on input line 78.
LaTeX Font Info:    ... okay on input line 78.
LaTeX Font Info:    Checking defaults for OMX/cmex/m/n on input line 78.
LaTeX Font Info:    ... okay on input line 78.
LaTeX Font Info:    Checking defaults for U/cmr/m/n on input line 78.
LaTeX Font Info:    ... okay on input line 78.

(/usr/share/texlive/texmf-dist/tex/context/base/supp-pdf.mkii
[Loading MPS to PDF converter (version 2006.09.02).]
\scratchcounter=\count110
\scratchdimen=\dimen126
\scratchbox=\box56
\nofMPsegments=\count111
\nofMParguments=\count112
\everyMPshowfont=\toks26
\MPscratchCnt=\count113
\MPscratchDim=\dimen127
\MPnumerator=\count114
\makeMPintoPDFobject=\count115
\everyMPtoPDFconversion=\toks27
) (/usr/share/texlive/texmf-dist/tex/generic/oberdiek/pdftexcmds.sty
Package: pdftexcmds 2011/11/29 v0.20 Utility functions of pdfTeX for LuaTeX (HO
)

(/usr/share/texlive/texmf-dist/tex/generic/oberdiek/ifluatex.sty
Package: ifluatex 2010/03/01 v1.3 Provides the ifluatex switch (HO)
Package ifluatex Info: LuaTeX not detected.
)
(/usr/share/texlive/texmf-dist/tex/generic/oberdiek/ifpdf.sty
Package: ifpdf 2011/01/30 v2.3 Provides the ifpdf switch (HO)
Package ifpdf Info: pdfTeX in PDF mode is detected.
)
Package pdftexcmds Info: LuaTeX not detected.
Package pdftexcmds Info: \pdf@primitive is available.
Package pdftexcmds Info: \pdf@ifprimitive is available.
Package pdftexcmds Info: \pdfdraftmode found.
)
(/usr/share/texlive/texmf-dist/tex/latex/oberdiek/epstopdf-base.sty
Package: epstopdf-base 2010/02/09 v2.5 Base part for package epstopdf

(/usr/share/texlive/texmf-dist/tex/latex/oberdiek/grfext.sty
Package: grfext 2010/08/19 v1.1 Manage graphics extensions (HO)

(/usr/share/texlive/texmf-dist/tex/generic/oberdiek/kvdefinekeys.sty
Package: kvdefinekeys 2011/04/07 v1.3 Define keys (HO)
))
(/usr/share/texlive/texmf-dist/tex/latex/oberdiek/kvoptions.sty
Package: kvoptions 2011/06/30 v3.11 Key value format for package options (HO)

(/usr/share/texlive/texmf-dist/tex/generic/oberdiek/kvsetkeys.sty
Package: kvsetkeys 2012/04/25 v1.16 Key value parser (HO)

(/usr/share/texlive/texmf-dist/tex/generic/oberdiek/etexcmds.sty
Package: etexcmds 2011/02/16 v1.5 Avoid name clashes with e-TeX commands (HO)
Package etexcmds Info: Could not find \expanded.
(etexcmds)             That can mean that you are not using pdfTeX 1.50 or
(etexcmds)             that some package has redefined \expanded.
(etexcmds)             In the latter case, load this package earlier.
)))
Package grfext Info: Graphics extension search list:
(grfext)             [.png,.pdf,.jpg,.mps,.jpeg,.jbig2,.jb2,.PNG,.PDF,.JPG,.JPE
G,.JBIG2,.JB2,.eps]
(grfext)             \AppendGraphicsExtensions on input line 452.

(/usr/share/texlive/texmf-dist/tex/latex/latexconfig/epstopdf-sys.cfg
File: epstopdf-sys.cfg 2010/07/13 v1.3 Configuration of (r)epstopdf for TeX Liv
e
))
LaTeX Font Info:    Try loading font information for U+msa on input line 93.

(/usr/share/texlive/texmf-dist/tex/latex/amsfonts/umsa.fd
File: umsa.fd 2013/01/14 v3.01 AMS symbols A
)
LaTeX Font Info:    Try loading font information for U+msb on input line 93.

(/usr/share/texlive/texmf-dist/tex/latex/amsfonts/umsb.fd
File: umsb.fd 2013/01/14 v3.01 AMS symbols B
)
Package color Info: Redefining color shadecolor on input line 98.

<figure/likelihood-1.pdf, id=1, 578.16pt x 289.08pt>
File: figure/likelihood-1.pdf Graphic file (type pdf)

<use figure/likelihood-1.pdf>
Package pdftex.def Info: figure/likelihood-1.pdf used on input line 99.
(pdftex.def)             Requested size: 405.5963pt x 202.79572pt.
Package color Info: Redefining color shadecolor on input line 106.

<figure/likelihood2-1.pdf, id=2, 578.16pt x 289.08pt>
File: figure/likelihood2-1.pdf Graphic file (type pdf)

<use figure/likelihood2-1.pdf>
Package pdftex.def Info: figure/likelihood2-1.pdf used on input line 107.
(pdftex.def)             Requested size: 405.5963pt x 202.79572pt.
 [1

{/var/lib/texmf/fonts/map/pdftex/updmap/pdftex.map} <./figure/likelihood-1.pdf>
 <./figure/likelihood2-1.pdf>]
Package color Info: Redefining color shadecolor on input line 118.

<figure/jointpost-1.pdf, id=22, 578.16pt x 289.08pt>
File: figure/jointpost-1.pdf Graphic file (type pdf)

<use figure/jointpost-1.pdf>
Package pdftex.def Info: figure/jointpost-1.pdf used on input line 119.
(pdftex.def)             Requested size: 385.82144pt x 192.91066pt.


Package amsmath Warning: Foreign command \atopwithdelims;
(amsmath)                \frac or \genfrac should be used instead
(amsmath)                 on input line 135.

[2 <./figure/jointpost-1.pdf>]
Package color Info: Redefining color shadecolor on input line 140.
LaTeX Font Info:    Font shape `OT1/cmtt/bx/n' in size <10> not available
(Font)              Font shape `OT1/cmtt/m/n' tried instead on input line 143.
LaTeX Font Info:    Try loading font information for OMS+cmtt on input line 143
.
 (/usr/share/R/share/texmf/tex/latex/omscmtt.fd
File: omscmtt.fd 
)
LaTeX Font Info:    Font shape `OMS/cmtt/m/n' in size <10> not available
(Font)              Font shape `OMS/cmsy/m/n' tried instead on input line 143.

Underfull \vbox (badness 3646) detected at line 242
 []

[3]
Underfull \hbox (badness 10000) in paragraph at lines 249--250

 []

[4]
Package color Info: Redefining color shadecolor on input line 254.
 <figure/converdiags-1.pdf, id=49, 578.16pt x 289.08pt>
File: figure/converdiags-1.pdf Graphic file (type pdf)

<use figure/converdiags-1.pdf>
Package pdftex.def Info: figure/converdiags-1.pdf used on input line 255.
(pdftex.def)             Requested size: 450.66562pt x 225.33151pt.
Package color Info: Redefining color shadecolor on input line 260.

<figure/contcompare-1.pdf, id=50, 578.16pt x 289.08pt>
File: figure/contcompare-1.pdf Graphic file (type pdf)

<use figure/contcompare-1.pdf>
Package pdftex.def Info: figure/contcompare-1.pdf used on input line 261.
(pdftex.def)             Requested size: 450.66562pt x 225.33151pt.
 [5 <./figure/converdiags-1.pdf> <./figure/contcompare-1.pdf>]
Underfull \hbox (badness 10000) in paragraph at lines 278--279

 []

Package color Info: Redefining color shadecolor on input line 285.
Package color Info: Redefining color shadecolor on input line 310.
[6]
Underfull \hbox (badness 10000) in paragraph at lines 341--342

 []

Package color Info: Redefining color shadecolor on input line 346.
<figure/jagsdrawscompare-1.pdf, id=70, 722.7pt x 289.08pt>
File: figure/jagsdrawscompare-1.pdf Graphic file (type pdf)

<use figure/jagsdrawscompare-1.pdf>
Package pdftex.def Info: figure/jagsdrawscompare-1.pdf used on input line 347.
(pdftex.def)             Requested size: 450.66562pt x 180.26874pt.
 [7]
Package color Info: Redefining color shadecolor on input line 354.

<figure/jagshyperdraws-1.pdf, id=75, 722.7pt x 289.08pt>
File: figure/jagshyperdraws-1.pdf Graphic file (type pdf)

<use figure/jagshyperdraws-1.pdf>
Package pdftex.def Info: figure/jagshyperdraws-1.pdf used on input line 355.
(pdftex.def)             Requested size: 450.66562pt x 180.26874pt.

Underfull \hbox (badness 10000) in paragraph at lines 361--362

 []

[8 <./figure/jagsdrawscompare-1.pdf> <./figure/jagshyperdraws-1.pdf>]
Package color Info: Redefining color shadecolor on input line 367.

<figure/drawfrommultiprior-1.pdf, id=93, 578.16pt x 289.08pt>
File: figure/drawfrommultiprior-1.pdf Graphic file (type pdf)

<use figure/drawfrommultiprior-1.pdf>
Package pdftex.def Info: figure/drawfrommultiprior-1.pdf used on input line 368
.
(pdftex.def)             Requested size: 342.95602pt x 171.47762pt.
Package color Info: Redefining color shadecolor on input line 388.

<figure/glmmodel-1.pdf, id=94, 361.35pt x 289.08pt>
File: figure/glmmodel-1.pdf Graphic file (type pdf)

<use figure/glmmodel-1.pdf>
Package pdftex.def Info: figure/glmmodel-1.pdf used on input line 392.
(pdftex.def)             Requested size: 225.33281pt x 180.26874pt.
Package color Info: Redefining color shadecolor on input line 405.
 [9 <./figure/drawfrommultiprior-1.pdf> <./figure/glmmodel-1.pdf>]
Package color Info: Redefining color shadecolor on input line 425.
Package color Info: Redefining color shadecolor on input line 441.
 <figure/compare-1.pdf, id=111, 722.7pt x 289.08pt>
File: figure/compare-1.pdf Graphic file (type pdf)

<use figure/compare-1.pdf>
Package pdftex.def Info: figure/compare-1.pdf used on input line 442.
(pdftex.def)             Requested size: 450.66562pt x 180.26874pt.

Underfull \hbox (badness 10000) in paragraph at lines 446--447

 []

[10 <./figure/compare-1.pdf>]
Package color Info: Redefining color shadecolor on input line 451.
 <figure/mat-1.pdf, id=121, 361.35pt x 289.08pt>
File: figure/mat-1.pdf Graphic file (type pdf)

<use figure/mat-1.pdf>
Package pdftex.def Info: figure/mat-1.pdf used on input line 452.
(pdftex.def)             Requested size: 225.33281pt x 180.26874pt.

Underfull \hbox (badness 10000) in paragraph at lines 457--458

 []

Package color Info: Redefining color shadecolor on input line 464.
<figure/stdcompare-1.pdf, id=122, 722.7pt x 289.08pt>
File: figure/stdcompare-1.pdf Graphic file (type pdf)

<use figure/stdcompare-1.pdf>
Package pdftex.def Info: figure/stdcompare-1.pdf used on input line 465.
(pdftex.def)             Requested size: 450.66562pt x 180.26874pt.
 [11 <./figure/mat-1.pdf>]
Underfull \hbox (badness 10000) in paragraph at lines 469--470

 []

Package color Info: Redefining color shadecolor on input line 474.
<figure/dcauchy-1.pdf, id=132, 361.35pt x 289.08pt>
File: figure/dcauchy-1.pdf Graphic file (type pdf)
 <use figure/dcauchy-1.pdf>
Package pdftex.def Info: figure/dcauchy-1.pdf used on input line 475.
(pdftex.def)             Requested size: 225.33281pt x 180.26874pt.

Underfull \hbox (badness 10000) in paragraph at lines 479--480

 []

[12 <./figure/stdcompare-1.pdf> <./figure/dcauchy-1.pdf>]
Underfull \hbox (badness 10000) in paragraph at lines 481--482

 []

Package color Info: Redefining color shadecolor on input line 488.
<figure/compare4-1.pdf, id=148, 722.7pt x 289.08pt>
File: figure/compare4-1.pdf Graphic file (type pdf)

<use figure/compare4-1.pdf>
Package pdftex.def Info: figure/compare4-1.pdf used on input line 489.
(pdftex.def)             Requested size: 450.66562pt x 180.26874pt.
Package color Info: Redefining color shadecolor on input line 494.

<figure/plotreglines-1.pdf, id=149, 722.7pt x 289.08pt>
File: figure/plotreglines-1.pdf Graphic file (type pdf)

<use figure/plotreglines-1.pdf>
Package pdftex.def Info: figure/plotreglines-1.pdf used on input line 495.
(pdftex.def)             Requested size: 450.66562pt x 180.26874pt.

Underfull \hbox (badness 10000) in paragraph at lines 499--500

 []

[13 <./figure/compare4-1.pdf> <./figure/plotreglines-1.pdf>]
Package color Info: Redefining color shadecolor on input line 504.

<figure/cauchyagain-1.pdf, id=168, 722.7pt x 289.08pt>
File: figure/cauchyagain-1.pdf Graphic file (type pdf)

<use figure/cauchyagain-1.pdf>
Package pdftex.def Info: figure/cauchyagain-1.pdf used on input line 505.
(pdftex.def)             Requested size: 450.66562pt x 180.26874pt.
Package color Info: Redefining color shadecolor on input line 516.

<figure/compare5-1.pdf, id=169, 722.7pt x 289.08pt>
File: figure/compare5-1.pdf Graphic file (type pdf)

<use figure/compare5-1.pdf>
Package pdftex.def Info: figure/compare5-1.pdf used on input line 517.
(pdftex.def)             Requested size: 450.66562pt x 180.26874pt.
Package color Info: Redefining color shadecolor on input line 524.

<figure/plotreglinesinform-1.pdf, id=170, 722.7pt x 289.08pt>
File: figure/plotreglinesinform-1.pdf Graphic file (type pdf)

<use figure/plotreglinesinform-1.pdf>
Package pdftex.def Info: figure/plotreglinesinform-1.pdf used on input line 525
.
(pdftex.def)             Requested size: 450.66562pt x 180.26874pt.
 [14 <./figure/cauchyagain-1.pdf> <./figure/compare5-1.pdf>]
Underfull \hbox (badness 10000) in paragraph at lines 531--532

 []

Package color Info: Redefining color shadecolor on input line 536.
<figure/compareall-1.pdf, id=186, 722.7pt x 289.08pt>
File: figure/compareall-1.pdf Graphic file (type pdf)

<use figure/compareall-1.pdf>
Package pdftex.def Info: figure/compareall-1.pdf used on input line 537.
(pdftex.def)             Requested size: 450.66562pt x 180.26874pt.

Underfull \hbox (badness 10000) in paragraph at lines 542--543

 []

[15 <./figure/plotreglinesinform-1.pdf> <./figure/compareall-1.pdf>]
Package color Info: Redefining color shadecolor on input line 549.

<figure/exdisplay-1.pdf, id=202, 722.7pt x 289.08pt>
File: figure/exdisplay-1.pdf Graphic file (type pdf)

<use figure/exdisplay-1.pdf>
Package pdftex.def Info: figure/exdisplay-1.pdf used on input line 550.
(pdftex.def)             Requested size: 450.66562pt x 180.26874pt.
 [16 <./figure/exdisplay-1.pdf>]
Package color Info: Redefining color shadecolor on input line 572.

<figure/stdprior-1.pdf, id=212, 505.89pt x 289.08pt>
File: figure/stdprior-1.pdf Graphic file (type pdf)

<use figure/stdprior-1.pdf>
Package pdftex.def Info: figure/stdprior-1.pdf used on input line 573.
(pdftex.def)             Requested size: 225.33281pt x 128.76149pt.
 [17 <./figure/stdprior-1.pdf>]
Underfull \hbox (badness 10000) in paragraph at lines 589--590

 []

Package color Info: Redefining color shadecolor on input line 596.
[18] (./bayesmidterm2.aux) ) 
Here is how much of TeX's memory you used:
 2845 strings out of 494985
 39183 string characters out of 6180356
 115253 words of memory out of 5000000
 5980 multiletter control sequences out of 15000+600000
 10041 words of font info for 39 fonts, out of 8000000 for 9000
 36 hyphenation exceptions out of 8191
 38i,9n,26p,1034b,533s stack positions out of 5000i,500n,10000p,200000b,80000s
</usr/share/texlive/texmf-dist/fonts/type1/public/a
msfonts/cm/cmbx12.pfb></usr/share/texlive/texmf-dist/fonts/type1/public/amsfont
s/cm/cmex10.pfb></usr/share/texlive/texmf-dist/fonts/type1/public/amsfonts/cmex
tra/cmex8.pfb></usr/share/texlive/texmf-dist/fonts/type1/public/amsfonts/cm/cmi
tt10.pfb></usr/share/texlive/texmf-dist/fonts/type1/public/amsfonts/cm/cmmi12.p
fb></usr/share/texlive/texmf-dist/fonts/type1/public/amsfonts/cm/cmmi6.pfb></us
r/share/texlive/texmf-dist/fonts/type1/public/amsfonts/cm/cmmi8.pfb></usr/share
/texlive/texmf-dist/fonts/type1/public/amsfonts/cm/cmr12.pfb></usr/share/texliv
e/texmf-dist/fonts/type1/public/amsfonts/cm/cmr6.pfb></usr/share/texlive/texmf-
dist/fonts/type1/public/amsfonts/cm/cmr8.pfb></usr/share/texlive/texmf-dist/fon
ts/type1/public/amsfonts/cm/cmsy10.pfb></usr/share/texlive/texmf-dist/fonts/typ
e1/public/amsfonts/cm/cmsy8.pfb></usr/share/texlive/texmf-dist/fonts/type1/publ
ic/amsfonts/cm/cmti12.pfb></usr/share/texlive/texmf-dist/fonts/type1/public/ams
fonts/cm/cmtt10.pfb></usr/share/texlive/texmf-dist/fonts/type1/public/amsfonts/
cm/cmtt12.pfb>
Output written on bayesmidterm2.pdf (18 pages, 14053796 bytes).
PDF statistics:
 274 PDF objects out of 1000 (max. 8388607)
 195 compressed objects within 2 object streams
 0 named destinations out of 1000 (max. 500000)
 106 words of extra memory for PDF output out of 10000 (max. 10000000)

