This is pdfTeX, Version 3.1415926-2.5-1.40.14 (TeX Live 2013/Debian) (format=pdflatex 2014.8.27)  5 OCT 2015 07:49
entering extended mode
 restricted \write18 enabled.
 %&-line parsing enabled.
**midterm1.tex
(./midterm1.tex
LaTeX2e <2011/06/27>
Babel <3.9h> and hyphenation patterns for 4 languages loaded.
(/usr/share/texlive/texmf-dist/tex/latex/base/article.cls
Document Class: article 2007/10/19 v1.4h Standard LaTeX document class
(/usr/share/texlive/texmf-dist/tex/latex/base/size11.clo
File: size11.clo 2007/10/19 v1.4h Standard LaTeX file (size option)
)
\c@part=\count79
\c@section=\count80
\c@subsection=\count81
\c@subsubsection=\count82
\c@paragraph=\count83
\c@subparagraph=\count84
\c@figure=\count85
\c@table=\count86
\abovecaptionskip=\skip41
\belowcaptionskip=\skip42
\bibindent=\dimen102
)
(/usr/share/texlive/texmf-dist/tex/latex/graphics/graphicx.sty
Package: graphicx 1999/02/16 v1.0f Enhanced LaTeX Graphics (DPC,SPQR)

(/usr/share/texlive/texmf-dist/tex/latex/graphics/keyval.sty
Package: keyval 1999/03/16 v1.13 key=value parser (DPC)
\KV@toks@=\toks14
)
(/usr/share/texlive/texmf-dist/tex/latex/graphics/graphics.sty
Package: graphics 2009/02/05 v1.0o Standard LaTeX Graphics (DPC,SPQR)

(/usr/share/texlive/texmf-dist/tex/latex/graphics/trig.sty
Package: trig 1999/03/16 v1.09 sin cos tan (DPC)
)
(/usr/share/texlive/texmf-dist/tex/latex/latexconfig/graphics.cfg
File: graphics.cfg 2010/04/23 v1.9 graphics configuration of TeX Live
)
Package graphics Info: Driver file: pdftex.def on input line 91.

(/usr/share/texlive/texmf-dist/tex/latex/pdftex-def/pdftex.def
File: pdftex.def 2011/05/27 v0.06d Graphics/color for pdfTeX

(/usr/share/texlive/texmf-dist/tex/generic/oberdiek/infwarerr.sty
Package: infwarerr 2010/04/08 v1.3 Providing info/warning/error messages (HO)
)
(/usr/share/texlive/texmf-dist/tex/generic/oberdiek/ltxcmds.sty
Package: ltxcmds 2011/11/09 v1.22 LaTeX kernel commands for general use (HO)
)
\Gread@gobject=\count87
))
\Gin@req@height=\dimen103
\Gin@req@width=\dimen104
)
(/usr/share/texlive/texmf-dist/tex/latex/graphics/color.sty
Package: color 2005/11/14 v1.0j Standard LaTeX Color (DPC)

(/usr/share/texlive/texmf-dist/tex/latex/latexconfig/color.cfg
File: color.cfg 2007/01/18 v1.5 color configuration of teTeX/TeXLive
)
Package color Info: Driver file: pdftex.def on input line 130.
)
(/usr/share/texlive/texmf-dist/tex/latex/framed/framed.sty
Package: framed 2011/10/22 v 0.96: framed or shaded text with page breaks
\OuterFrameSep=\skip43
\fb@frw=\dimen105
\fb@frh=\dimen106
\FrameRule=\dimen107
\FrameSep=\dimen108
)
(/usr/share/texlive/texmf-dist/tex/latex/base/alltt.sty
Package: alltt 1997/06/16 v2.0g defines alltt environment
)
(/usr/share/texlive/texmf-dist/tex/latex/amsfonts/amssymb.sty
Package: amssymb 2013/01/14 v3.01 AMS font symbols

(/usr/share/texlive/texmf-dist/tex/latex/amsfonts/amsfonts.sty
Package: amsfonts 2013/01/14 v3.01 Basic AMSFonts support
\@emptytoks=\toks15
\symAMSa=\mathgroup4
\symAMSb=\mathgroup5
LaTeX Font Info:    Overwriting math alphabet `\mathfrak' in version `bold'
(Font)                  U/euf/m/n --> U/euf/b/n on input line 106.
))
(/usr/share/texlive/texmf-dist/tex/latex/amsmath/amsmath.sty
Package: amsmath 2013/01/14 v2.14 AMS math features
\@mathmargin=\skip44

For additional information on amsmath, use the `?' option.
(/usr/share/texlive/texmf-dist/tex/latex/amsmath/amstext.sty
Package: amstext 2000/06/29 v2.01

(/usr/share/texlive/texmf-dist/tex/latex/amsmath/amsgen.sty
File: amsgen.sty 1999/11/30 v2.0
\@emptytoks=\toks16
\ex@=\dimen109
))
(/usr/share/texlive/texmf-dist/tex/latex/amsmath/amsbsy.sty
Package: amsbsy 1999/11/29 v1.2d
\pmbraise@=\dimen110
)
(/usr/share/texlive/texmf-dist/tex/latex/amsmath/amsopn.sty
Package: amsopn 1999/12/14 v2.01 operator names
)
\inf@bad=\count88
LaTeX Info: Redefining \frac on input line 210.
\uproot@=\count89
\leftroot@=\count90
LaTeX Info: Redefining \overline on input line 306.
\classnum@=\count91
\DOTSCASE@=\count92
LaTeX Info: Redefining \ldots on input line 378.
LaTeX Info: Redefining \dots on input line 381.
LaTeX Info: Redefining \cdots on input line 466.
\Mathstrutbox@=\box26
\strutbox@=\box27
\big@size=\dimen111
LaTeX Font Info:    Redeclaring font encoding OML on input line 566.
LaTeX Font Info:    Redeclaring font encoding OMS on input line 567.
\macc@depth=\count93
\c@MaxMatrixCols=\count94
\dotsspace@=\muskip10
\c@parentequation=\count95
\dspbrk@lvl=\count96
\tag@help=\toks17
\row@=\count97
\column@=\count98
\maxfields@=\count99
\andhelp@=\toks18
\eqnshift@=\dimen112
\alignsep@=\dimen113
\tagshift@=\dimen114
\tagwidth@=\dimen115
\totwidth@=\dimen116
\lineht@=\dimen117
\@envbody=\toks19
\multlinegap=\skip45
\multlinetaggap=\skip46
\mathdisplay@stack=\toks20
LaTeX Info: Redefining \[ on input line 2665.
LaTeX Info: Redefining \] on input line 2666.
)
(/usr/share/texlive/texmf-dist/tex/latex/tools/enumerate.sty
Package: enumerate 1999/03/05 v3.00 enumerate extensions (DPC)
\@enLab=\toks21
)
(/usr/share/texlive/texmf-dist/tex/latex/float/float.sty
Package: float 2001/11/08 v1.3d Float enhancements (AL)
\c@float@type=\count100
\float@exts=\toks22
\float@box=\box28
\@float@everytoks=\toks23
\@floatcapt=\box29
)
(/usr/share/texlive/texmf-dist/tex/latex/tools/verbatim.sty
Package: verbatim 2003/08/22 v1.5q LaTeX2e package for verbatim enhancements
\every@verbatim=\toks24
\verbatim@line=\toks25
\verbatim@in@stream=\read1
)
(/usr/share/texlive/texmf-dist/tex/latex/setspace/setspace.sty
Package: setspace 2011/12/19 v6.7a set line spacing
)
(/usr/share/texlive/texmf-dist/tex/latex/tools/multicol.sty
Package: multicol 2011/06/27 v1.7a multicolumn formatting (FMi)
\c@tracingmulticols=\count101
\mult@box=\box30
\multicol@leftmargin=\dimen118
\c@unbalance=\count102
\c@collectmore=\count103
\doublecol@number=\count104
\multicoltolerance=\count105
\multicolpretolerance=\count106
\full@width=\dimen119
\page@free=\dimen120
\premulticols=\dimen121
\postmulticols=\dimen122
\multicolsep=\skip47
\multicolbaselineskip=\skip48
\partial@page=\box31
\last@line=\box32
\mult@rightbox=\box33
\mult@grightbox=\box34
\mult@gfirstbox=\box35
\mult@firstbox=\box36
\@tempa=\box37
\@tempa=\box38
\@tempa=\box39
\@tempa=\box40
\@tempa=\box41
\@tempa=\box42
\@tempa=\box43
\@tempa=\box44
\@tempa=\box45
\@tempa=\box46
\@tempa=\box47
\@tempa=\box48
\@tempa=\box49
\@tempa=\box50
\@tempa=\box51
\@tempa=\box52
\@tempa=\box53
\c@columnbadness=\count107
\c@finalcolumnbadness=\count108
\last@try=\dimen123
\multicolovershoot=\dimen124
\multicolundershoot=\dimen125
\mult@nat@firstbox=\box54
\colbreak@box=\box55
\multicol@sort@counter=\count109
)
(/usr/share/texlive/texmf-dist/tex/latex/upquote/upquote.sty
Package: upquote 2012/04/19 v1.3 upright-quote and grave-accent glyphs in verba
tim
) (./midterm1.aux)
\openout1 = `midterm1.aux'.

LaTeX Font Info:    Checking defaults for OML/cmm/m/it on input line 80.
LaTeX Font Info:    ... okay on input line 80.
LaTeX Font Info:    Checking defaults for T1/cmr/m/n on input line 80.
LaTeX Font Info:    ... okay on input line 80.
LaTeX Font Info:    Checking defaults for OT1/cmr/m/n on input line 80.
LaTeX Font Info:    ... okay on input line 80.
LaTeX Font Info:    Checking defaults for OMS/cmsy/m/n on input line 80.
LaTeX Font Info:    ... okay on input line 80.
LaTeX Font Info:    Checking defaults for OMX/cmex/m/n on input line 80.
LaTeX Font Info:    ... okay on input line 80.
LaTeX Font Info:    Checking defaults for U/cmr/m/n on input line 80.
LaTeX Font Info:    ... okay on input line 80.

(/usr/share/texlive/texmf-dist/tex/context/base/supp-pdf.mkii
[Loading MPS to PDF converter (version 2006.09.02).]
\scratchcounter=\count110
\scratchdimen=\dimen126
\scratchbox=\box56
\nofMPsegments=\count111
\nofMParguments=\count112
\everyMPshowfont=\toks26
\MPscratchCnt=\count113
\MPscratchDim=\dimen127
\MPnumerator=\count114
\makeMPintoPDFobject=\count115
\everyMPtoPDFconversion=\toks27
) (/usr/share/texlive/texmf-dist/tex/generic/oberdiek/pdftexcmds.sty
Package: pdftexcmds 2011/11/29 v0.20 Utility functions of pdfTeX for LuaTeX (HO
)

(/usr/share/texlive/texmf-dist/tex/generic/oberdiek/ifluatex.sty
Package: ifluatex 2010/03/01 v1.3 Provides the ifluatex switch (HO)
Package ifluatex Info: LuaTeX not detected.
)
(/usr/share/texlive/texmf-dist/tex/generic/oberdiek/ifpdf.sty
Package: ifpdf 2011/01/30 v2.3 Provides the ifpdf switch (HO)
Package ifpdf Info: pdfTeX in PDF mode is detected.
)
Package pdftexcmds Info: LuaTeX not detected.
Package pdftexcmds Info: \pdf@primitive is available.
Package pdftexcmds Info: \pdf@ifprimitive is available.
Package pdftexcmds Info: \pdfdraftmode found.
)
(/usr/share/texlive/texmf-dist/tex/latex/oberdiek/epstopdf-base.sty
Package: epstopdf-base 2010/02/09 v2.5 Base part for package epstopdf

(/usr/share/texlive/texmf-dist/tex/latex/oberdiek/grfext.sty
Package: grfext 2010/08/19 v1.1 Manage graphics extensions (HO)

(/usr/share/texlive/texmf-dist/tex/generic/oberdiek/kvdefinekeys.sty
Package: kvdefinekeys 2011/04/07 v1.3 Define keys (HO)
))
(/usr/share/texlive/texmf-dist/tex/latex/oberdiek/kvoptions.sty
Package: kvoptions 2011/06/30 v3.11 Key value format for package options (HO)

(/usr/share/texlive/texmf-dist/tex/generic/oberdiek/kvsetkeys.sty
Package: kvsetkeys 2012/04/25 v1.16 Key value parser (HO)

(/usr/share/texlive/texmf-dist/tex/generic/oberdiek/etexcmds.sty
Package: etexcmds 2011/02/16 v1.5 Avoid name clashes with e-TeX commands (HO)
Package etexcmds Info: Could not find \expanded.
(etexcmds)             That can mean that you are not using pdfTeX 1.50 or
(etexcmds)             that some package has redefined \expanded.
(etexcmds)             In the latter case, load this package earlier.
)))
Package grfext Info: Graphics extension search list:
(grfext)             [.png,.pdf,.jpg,.mps,.jpeg,.jbig2,.jb2,.PNG,.PDF,.JPG,.JPE
G,.JBIG2,.JB2,.eps]
(grfext)             \AppendGraphicsExtensions on input line 452.

(/usr/share/texlive/texmf-dist/tex/latex/latexconfig/epstopdf-sys.cfg
File: epstopdf-sys.cfg 2010/07/13 v1.3 Configuration of (r)epstopdf for TeX Liv
e
))
LaTeX Font Info:    Try loading font information for U+msa on input line 86.

(/usr/share/texlive/texmf-dist/tex/latex/amsfonts/umsa.fd
File: umsa.fd 2013/01/14 v3.01 AMS symbols A
)
LaTeX Font Info:    Try loading font information for U+msb on input line 86.

(/usr/share/texlive/texmf-dist/tex/latex/amsfonts/umsb.fd
File: umsb.fd 2013/01/14 v3.01 AMS symbols B
) [1

{/var/lib/texmf/fonts/map/pdftex/updmap/pdftex.map}]
Underfull \hbox (badness 10000) in paragraph at lines 109--110

 []


Underfull \hbox (badness 10000) in paragraph at lines 111--112

 []

[2]
Underfull \hbox (badness 10000) in paragraph at lines 124--125

 []

[3]
LaTeX Font Info:    Try loading font information for OMS+cmr on input line 151.

 (/usr/share/texlive/texmf-dist/tex/latex/base/omscmr.fd
File: omscmr.fd 1999/05/25 v2.5h Standard LaTeX font definitions
)
LaTeX Font Info:    Font shape `OMS/cmr/m/n' in size <10.95> not available
(Font)              Font shape `OMS/cmsy/m/n' tried instead on input line 151.
 [4]
Underfull \hbox (badness 10000) in paragraph at lines 157--158

 []

Package color Info: Redefining color shadecolor on input line 163.
<figure/noninform-1.pdf, id=26, 361.35pt x 289.08pt>
File: figure/noninform-1.pdf Graphic file (type pdf)

<use figure/noninform-1.pdf>
Package pdftex.def Info: figure/noninform-1.pdf used on input line 164.
(pdftex.def)             Requested size: 216.97421pt x 173.58167pt.
 [5 <./figure/noninform-1.pdf>]
Package color Info: Redefining color shadecolor on input line 173.

<figure/weakinform-1.pdf, id=37, 361.35pt x 289.08pt>
File: figure/weakinform-1.pdf Graphic file (type pdf)

<use figure/weakinform-1.pdf>
Package pdftex.def Info: figure/weakinform-1.pdf used on input line 174.
(pdftex.def)             Requested size: 216.97421pt x 173.58167pt.
Package color Info: Redefining color shadecolor on input line 183.

<figure/gammaprior-1.pdf, id=38, 361.35pt x 289.08pt>
File: figure/gammaprior-1.pdf Graphic file (type pdf)

<use figure/gammaprior-1.pdf>
Package pdftex.def Info: figure/gammaprior-1.pdf used on input line 184.
(pdftex.def)             Requested size: 216.97421pt x 173.58167pt.
 [6 <./figure/weakinform-1.pdf> <./figure/gammaprior-1.pdf>]
Missing character: There is no â in font cmti10!
Missing character: There is no € in font cmti10!
Missing character: There is no ¦ in font cmti10!
Package color Info: Redefining color shadecolor on input line 208.
 <figure/propergamma-1.pdf, id=56, 361.35pt x 289.08pt>
File: figure/propergamma-1.pdf Graphic file (type pdf)

<use figure/propergamma-1.pdf>
Package pdftex.def Info: figure/propergamma-1.pdf used on input line 209.
(pdftex.def)             Requested size: 216.97421pt x 173.58167pt.
 [7 <./figure/propergamma-1.pdf>]
Package color Info: Redefining color shadecolor on input line 219.
LaTeX Font Info:    Font shape `OT1/cmtt/bx/n' in size <9> not available
(Font)              Font shape `OT1/cmtt/m/n' tried instead on input line 221.
LaTeX Font Info:    Try loading font information for OMS+cmtt on input line 221
.

(/usr/share/R/share/texmf/tex/latex/omscmtt.fd
File: omscmtt.fd 
)
LaTeX Font Info:    Font shape `OMS/cmtt/m/n' in size <9> not available
(Font)              Font shape `OMS/cmsy/m/n' tried instead on input line 221.

<figure/stepprior-1.pdf, id=68, 361.35pt x 289.08pt>
File: figure/stepprior-1.pdf Graphic file (type pdf)

<use figure/stepprior-1.pdf>
Package pdftex.def Info: figure/stepprior-1.pdf used on input line 240.
(pdftex.def)             Requested size: 216.97421pt x 173.58167pt.
Package color Info: Redefining color shadecolor on input line 259.

<figure/together-1.pdf, id=69, 361.35pt x 289.08pt>
File: figure/together-1.pdf Graphic file (type pdf)

<use figure/together-1.pdf>
Package pdftex.def Info: figure/together-1.pdf used on input line 260.
(pdftex.def)             Requested size: 227.21245pt x 181.76848pt.
 [8 <./figure/stepprior-1.pdf>]
Package color Info: Redefining color shadecolor on input line 268.

<figure/likefun-1.pdf, id=83, 722.7pt x 289.08pt>
File: figure/likefun-1.pdf Graphic file (type pdf)
 <use figure/likefun-1.pdf>
Package pdftex.def Info: figure/likefun-1.pdf used on input line 269.
(pdftex.def)             Requested size: 454.42491pt x 181.76848pt.
Package color Info: Redefining color shadecolor on input line 292.

[9 <./figure/together-1.pdf> <./figure/likefun-1.pdf>]
Package color Info: Redefining color shadecolor on input line 317.

<figure/plotting-1.pdf, id=101, 361.35pt x 289.08pt>
File: figure/plotting-1.pdf Graphic file (type pdf)

<use figure/plotting-1.pdf>
Package pdftex.def Info: figure/plotting-1.pdf used on input line 318.
(pdftex.def)             Requested size: 216.97421pt x 173.58167pt.
Package color Info: Redefining color shadecolor on input line 331.

Overfull \hbox (3.11612pt too wide) in paragraph at lines 358--359
[]\OT1/cmr/m/n/10.95 The re-sults are sim-i-lar across the non-informative, wea
kly in-for-ma-tive, in-for-ma-tive ($\OML/cmm/m/it/10.95 Gam\OT1/cmr/m/n/10.95 
(1\OML/cmm/m/it/10.95 ; \OT1/cmr/m/n/10.95 0\OML/cmm/m/it/10.95 :\OT1/cmr/m/n/1
0.95 1)$),
 []

[10 <./figure/plotting-1.pdf>]
Package color Info: Redefining color shadecolor on input line 372.

<figure/postpred-1.pdf, id=112, 361.35pt x 289.08pt>
File: figure/postpred-1.pdf Graphic file (type pdf)

<use figure/postpred-1.pdf>
Package pdftex.def Info: figure/postpred-1.pdf used on input line 373.
(pdftex.def)             Requested size: 227.21245pt x 181.76848pt.
 [11 <./figure/postpred-1.pdf>]
Package color Info: Redefining color shadecolor on input line 383.

<figure/postsamp-1.pdf, id=122, 361.35pt x 289.08pt>
File: figure/postsamp-1.pdf Graphic file (type pdf)

<use figure/postsamp-1.pdf>
Package pdftex.def Info: figure/postsamp-1.pdf used on input line 384.
(pdftex.def)             Requested size: 227.21245pt x 181.76848pt.


Package amsmath Warning: Foreign command \atopwithdelims;
(amsmath)                \frac or \genfrac should be used instead
(amsmath)                 on input line 397.

[12 <./figure/postsamp-1.pdf>]
Package color Info: Redefining color shadecolor on input line 410.

<figure/beta22-1.pdf, id=132, 361.35pt x 289.08pt>
File: figure/beta22-1.pdf Graphic file (type pdf)
 <use figure/beta22-1.pdf>
Package pdftex.def Info: figure/beta22-1.pdf used on input line 411.
(pdftex.def)             Requested size: 227.21245pt x 181.76848pt.

[13]
Package color Info: Redefining color shadecolor on input line 420.
 <figure/plotdata-1.pdf, id=137, 361.35pt x 289.08pt>
File: figure/plotdata-1.pdf Graphic file (type pdf)

<use figure/plotdata-1.pdf>
Package pdftex.def Info: figure/plotdata-1.pdf used on input line 421.
(pdftex.def)             Requested size: 227.21245pt x 181.76848pt.
Package color Info: Redefining color shadecolor on input line 430.
 <figure/all3-1.pdf, id=138, 361.35pt x 289.08pt>
File: figure/all3-1.pdf Graphic file (type pdf)

<use figure/all3-1.pdf>
Package pdftex.def Info: figure/all3-1.pdf used on input line 431.
(pdftex.def)             Requested size: 227.21245pt x 181.76848pt.
 [14 <./figure/beta22-1.pdf> <./figure/plotdata-1.pdf>]
Package color Info: Redefining color shadecolor on input line 440.

<figure/priortopost-1.pdf, id=154, 361.35pt x 289.08pt>
File: figure/priortopost-1.pdf Graphic file (type pdf)

<use figure/priortopost-1.pdf>
Package pdftex.def Info: figure/priortopost-1.pdf used on input line 441.
(pdftex.def)             Requested size: 272.65771pt x 218.12834pt.
Package color Info: Redefining color shadecolor on input line 450.

<figure/progress-1.pdf, id=155, 361.35pt x 289.08pt>
File: figure/progress-1.pdf Graphic file (type pdf)

<use figure/progress-1.pdf>
Package pdftex.def Info: figure/progress-1.pdf used on input line 451.
(pdftex.def)             Requested size: 363.5413pt x 290.83485pt.
 [15 <./figure/all3-1.pdf> <./figure/priortopost-1.pdf>]
Package color Info: Redefining color shadecolor on input line 462.
 <figure/priortopost2-1.pdf, id=174, 361.35pt x 289.08pt>
File: figure/priortopost2-1.pdf Graphic file (type pdf)

<use figure/priortopost2-1.pdf>
Package pdftex.def Info: figure/priortopost2-1.pdf used on input line 463.
(pdftex.def)             Requested size: 260.37169pt x 208.29622pt.
 [16 <./figure/progress-1.pdf>]
Package color Info: Redefining color shadecolor on input line 476.

<figure/progress2-1.pdf, id=185, 361.35pt x 289.08pt>
File: figure/progress2-1.pdf Graphic file (type pdf)

<use figure/progress2-1.pdf>
Package pdftex.def Info: figure/progress2-1.pdf used on input line 477.
(pdftex.def)             Requested size: 318.09604pt x 254.4794pt.

Underfull \hbox (badness 10000) in paragraph at lines 482--483

 []

[17 <./figure/priortopost2-1.pdf> <./figure/progress2-1.pdf>]
Package color Info: Redefining color shadecolor on input line 488.

<figure/allposterior-1.pdf, id=203, 361.35pt x 289.08pt>
File: figure/allposterior-1.pdf Graphic file (type pdf)

<use figure/allposterior-1.pdf>
Package pdftex.def Info: figure/allposterior-1.pdf used on input line 489.
(pdftex.def)             Requested size: 227.21245pt x 181.76848pt.
 [18 <./figure/allposterior-1.pdf>]
Underfull \hbox (badness 10000) in paragraph at lines 501--503

 []


Underfull \hbox (badness 10000) in paragraph at lines 504--505

 []


Underfull \hbox (badness 10000) in paragraph at lines 509--510

 []

Package color Info: Redefining color shadecolor on input line 517.
<figure/plotprs-1.pdf, id=214, 722.7pt x 289.08pt>
File: figure/plotprs-1.pdf Graphic file (type pdf)
 <use figure/plotprs-1.pdf>
Package pdftex.def Info: figure/plotprs-1.pdf used on input line 518.
(pdftex.def)             Requested size: 454.42491pt x 181.76848pt.

[19] [20 <./figure/plotprs-1.pdf>] (./midterm1.aux) ) 
Here is how much of TeX's memory you used:
 2896 strings out of 494985
 39718 string characters out of 6180356
 99983 words of memory out of 5000000
 6024 multiletter control sequences out of 15000+600000
 11997 words of font info for 46 fonts, out of 8000000 for 9000
 36 hyphenation exceptions out of 8191
 38i,9n,26p,1591b,662s stack positions out of 5000i,500n,10000p,200000b,80000s
</usr/share/texlive/texmf-
dist/fonts/type1/public/amsfonts/cm/cmbx10.pfb></usr/share/texlive/texmf-dist/f
onts/type1/public/amsfonts/cm/cmex10.pfb></usr/share/texlive/texmf-dist/fonts/t
ype1/public/amsfonts/cm/cmitt10.pfb></usr/share/texlive/texmf-dist/fonts/type1/
public/amsfonts/cm/cmmi10.pfb></usr/share/texlive/texmf-dist/fonts/type1/public
/amsfonts/cm/cmmi6.pfb></usr/share/texlive/texmf-dist/fonts/type1/public/amsfon
ts/cm/cmmi8.pfb></usr/share/texlive/texmf-dist/fonts/type1/public/amsfonts/cm/c
mr10.pfb></usr/share/texlive/texmf-dist/fonts/type1/public/amsfonts/cm/cmr12.pf
b></usr/share/texlive/texmf-dist/fonts/type1/public/amsfonts/cm/cmr8.pfb></usr/
share/texlive/texmf-dist/fonts/type1/public/amsfonts/cm/cmsy10.pfb></usr/share/
texlive/texmf-dist/fonts/type1/public/amsfonts/cm/cmsy8.pfb></usr/share/texlive
/texmf-dist/fonts/type1/public/amsfonts/cm/cmsy9.pfb></usr/share/texlive/texmf-
dist/fonts/type1/public/amsfonts/cm/cmti10.pfb></usr/share/texlive/texmf-dist/f
onts/type1/public/amsfonts/cm/cmtt9.pfb>
Output written on midterm1.pdf (20 pages, 518777 bytes).
PDF statistics:
 273 PDF objects out of 1000 (max. 8388607)
 197 compressed objects within 2 object streams
 0 named destinations out of 1000 (max. 500000)
 96 words of extra memory for PDF output out of 10000 (max. 10000000)

