This is pdfTeX, Version 3.1415926-2.5-1.40.14 (TeX Live 2013/Debian) (format=pdflatex 2014.8.27)  21 SEP 2015 14:40
entering extended mode
 restricted \write18 enabled.
 %&-line parsing enabled.
**bayeshw3.tex
(./bayeshw3.tex
LaTeX2e <2011/06/27>
Babel <3.9h> and hyphenation patterns for 4 languages loaded.
(/usr/share/texlive/texmf-dist/tex/latex/base/article.cls
Document Class: article 2007/10/19 v1.4h Standard LaTeX document class
(/usr/share/texlive/texmf-dist/tex/latex/base/size12.clo
File: size12.clo 2007/10/19 v1.4h Standard LaTeX file (size option)
)
\c@part=\count79
\c@section=\count80
\c@subsection=\count81
\c@subsubsection=\count82
\c@paragraph=\count83
\c@subparagraph=\count84
\c@figure=\count85
\c@table=\count86
\abovecaptionskip=\skip41
\belowcaptionskip=\skip42
\bibindent=\dimen102
)
(/usr/share/texlive/texmf-dist/tex/latex/graphics/graphicx.sty
Package: graphicx 1999/02/16 v1.0f Enhanced LaTeX Graphics (DPC,SPQR)

(/usr/share/texlive/texmf-dist/tex/latex/graphics/keyval.sty
Package: keyval 1999/03/16 v1.13 key=value parser (DPC)
\KV@toks@=\toks14
)
(/usr/share/texlive/texmf-dist/tex/latex/graphics/graphics.sty
Package: graphics 2009/02/05 v1.0o Standard LaTeX Graphics (DPC,SPQR)

(/usr/share/texlive/texmf-dist/tex/latex/graphics/trig.sty
Package: trig 1999/03/16 v1.09 sin cos tan (DPC)
)
(/usr/share/texlive/texmf-dist/tex/latex/latexconfig/graphics.cfg
File: graphics.cfg 2010/04/23 v1.9 graphics configuration of TeX Live
)
Package graphics Info: Driver file: pdftex.def on input line 91.

(/usr/share/texlive/texmf-dist/tex/latex/pdftex-def/pdftex.def
File: pdftex.def 2011/05/27 v0.06d Graphics/color for pdfTeX

(/usr/share/texlive/texmf-dist/tex/generic/oberdiek/infwarerr.sty
Package: infwarerr 2010/04/08 v1.3 Providing info/warning/error messages (HO)
)
(/usr/share/texlive/texmf-dist/tex/generic/oberdiek/ltxcmds.sty
Package: ltxcmds 2011/11/09 v1.22 LaTeX kernel commands for general use (HO)
)
\Gread@gobject=\count87
))
\Gin@req@height=\dimen103
\Gin@req@width=\dimen104
)
(/usr/share/texlive/texmf-dist/tex/latex/graphics/color.sty
Package: color 2005/11/14 v1.0j Standard LaTeX Color (DPC)

(/usr/share/texlive/texmf-dist/tex/latex/latexconfig/color.cfg
File: color.cfg 2007/01/18 v1.5 color configuration of teTeX/TeXLive
)
Package color Info: Driver file: pdftex.def on input line 130.
)
(/usr/share/texlive/texmf-dist/tex/latex/framed/framed.sty
Package: framed 2011/10/22 v 0.96: framed or shaded text with page breaks
\OuterFrameSep=\skip43
\fb@frw=\dimen105
\fb@frh=\dimen106
\FrameRule=\dimen107
\FrameSep=\dimen108
)
(/usr/share/texlive/texmf-dist/tex/latex/base/alltt.sty
Package: alltt 1997/06/16 v2.0g defines alltt environment
)
(/usr/share/texlive/texmf-dist/tex/latex/amsfonts/amssymb.sty
Package: amssymb 2013/01/14 v3.01 AMS font symbols

(/usr/share/texlive/texmf-dist/tex/latex/amsfonts/amsfonts.sty
Package: amsfonts 2013/01/14 v3.01 Basic AMSFonts support
\@emptytoks=\toks15
\symAMSa=\mathgroup4
\symAMSb=\mathgroup5
LaTeX Font Info:    Overwriting math alphabet `\mathfrak' in version `bold'
(Font)                  U/euf/m/n --> U/euf/b/n on input line 106.
))
(/usr/share/texlive/texmf-dist/tex/latex/amsmath/amsmath.sty
Package: amsmath 2013/01/14 v2.14 AMS math features
\@mathmargin=\skip44

For additional information on amsmath, use the `?' option.
(/usr/share/texlive/texmf-dist/tex/latex/amsmath/amstext.sty
Package: amstext 2000/06/29 v2.01

(/usr/share/texlive/texmf-dist/tex/latex/amsmath/amsgen.sty
File: amsgen.sty 1999/11/30 v2.0
\@emptytoks=\toks16
\ex@=\dimen109
))
(/usr/share/texlive/texmf-dist/tex/latex/amsmath/amsbsy.sty
Package: amsbsy 1999/11/29 v1.2d
\pmbraise@=\dimen110
)
(/usr/share/texlive/texmf-dist/tex/latex/amsmath/amsopn.sty
Package: amsopn 1999/12/14 v2.01 operator names
)
\inf@bad=\count88
LaTeX Info: Redefining \frac on input line 210.
\uproot@=\count89
\leftroot@=\count90
LaTeX Info: Redefining \overline on input line 306.
\classnum@=\count91
\DOTSCASE@=\count92
LaTeX Info: Redefining \ldots on input line 378.
LaTeX Info: Redefining \dots on input line 381.
LaTeX Info: Redefining \cdots on input line 466.
\Mathstrutbox@=\box26
\strutbox@=\box27
\big@size=\dimen111
LaTeX Font Info:    Redeclaring font encoding OML on input line 566.
LaTeX Font Info:    Redeclaring font encoding OMS on input line 567.
\macc@depth=\count93
\c@MaxMatrixCols=\count94
\dotsspace@=\muskip10
\c@parentequation=\count95
\dspbrk@lvl=\count96
\tag@help=\toks17
\row@=\count97
\column@=\count98
\maxfields@=\count99
\andhelp@=\toks18
\eqnshift@=\dimen112
\alignsep@=\dimen113
\tagshift@=\dimen114
\tagwidth@=\dimen115
\totwidth@=\dimen116
\lineht@=\dimen117
\@envbody=\toks19
\multlinegap=\skip45
\multlinetaggap=\skip46
\mathdisplay@stack=\toks20
LaTeX Info: Redefining \[ on input line 2665.
LaTeX Info: Redefining \] on input line 2666.
)
(/usr/share/texlive/texmf-dist/tex/latex/tools/enumerate.sty
Package: enumerate 1999/03/05 v3.00 enumerate extensions (DPC)
\@enLab=\toks21
)
(/usr/share/texlive/texmf-dist/tex/latex/float/float.sty
Package: float 2001/11/08 v1.3d Float enhancements (AL)
\c@float@type=\count100
\float@exts=\toks22
\float@box=\box28
\@float@everytoks=\toks23
\@floatcapt=\box29
)
(/usr/share/texlive/texmf-dist/tex/latex/tools/verbatim.sty
Package: verbatim 2003/08/22 v1.5q LaTeX2e package for verbatim enhancements
\every@verbatim=\toks24
\verbatim@line=\toks25
\verbatim@in@stream=\read1
)
(/usr/share/texlive/texmf-dist/tex/latex/setspace/setspace.sty
Package: setspace 2011/12/19 v6.7a set line spacing
)
(/usr/share/texlive/texmf-dist/tex/latex/tools/multicol.sty
Package: multicol 2011/06/27 v1.7a multicolumn formatting (FMi)
\c@tracingmulticols=\count101
\mult@box=\box30
\multicol@leftmargin=\dimen118
\c@unbalance=\count102
\c@collectmore=\count103
\doublecol@number=\count104
\multicoltolerance=\count105
\multicolpretolerance=\count106
\full@width=\dimen119
\page@free=\dimen120
\premulticols=\dimen121
\postmulticols=\dimen122
\multicolsep=\skip47
\multicolbaselineskip=\skip48
\partial@page=\box31
\last@line=\box32
\mult@rightbox=\box33
\mult@grightbox=\box34
\mult@gfirstbox=\box35
\mult@firstbox=\box36
\@tempa=\box37
\@tempa=\box38
\@tempa=\box39
\@tempa=\box40
\@tempa=\box41
\@tempa=\box42
\@tempa=\box43
\@tempa=\box44
\@tempa=\box45
\@tempa=\box46
\@tempa=\box47
\@tempa=\box48
\@tempa=\box49
\@tempa=\box50
\@tempa=\box51
\@tempa=\box52
\@tempa=\box53
\c@columnbadness=\count107
\c@finalcolumnbadness=\count108
\last@try=\dimen123
\multicolovershoot=\dimen124
\multicolundershoot=\dimen125
\mult@nat@firstbox=\box54
\colbreak@box=\box55
\multicol@sort@counter=\count109
)
(/usr/share/texlive/texmf-dist/tex/latex/upquote/upquote.sty
Package: upquote 2012/04/19 v1.3 upright-quote and grave-accent glyphs in verba
tim
) (./bayeshw3.aux)
\openout1 = `bayeshw3.aux'.

LaTeX Font Info:    Checking defaults for OML/cmm/m/it on input line 79.
LaTeX Font Info:    ... okay on input line 79.
LaTeX Font Info:    Checking defaults for T1/cmr/m/n on input line 79.
LaTeX Font Info:    ... okay on input line 79.
LaTeX Font Info:    Checking defaults for OT1/cmr/m/n on input line 79.
LaTeX Font Info:    ... okay on input line 79.
LaTeX Font Info:    Checking defaults for OMS/cmsy/m/n on input line 79.
LaTeX Font Info:    ... okay on input line 79.
LaTeX Font Info:    Checking defaults for OMX/cmex/m/n on input line 79.
LaTeX Font Info:    ... okay on input line 79.
LaTeX Font Info:    Checking defaults for U/cmr/m/n on input line 79.
LaTeX Font Info:    ... okay on input line 79.

(/usr/share/texlive/texmf-dist/tex/context/base/supp-pdf.mkii
[Loading MPS to PDF converter (version 2006.09.02).]
\scratchcounter=\count110
\scratchdimen=\dimen126
\scratchbox=\box56
\nofMPsegments=\count111
\nofMParguments=\count112
\everyMPshowfont=\toks26
\MPscratchCnt=\count113
\MPscratchDim=\dimen127
\MPnumerator=\count114
\makeMPintoPDFobject=\count115
\everyMPtoPDFconversion=\toks27
) (/usr/share/texlive/texmf-dist/tex/generic/oberdiek/pdftexcmds.sty
Package: pdftexcmds 2011/11/29 v0.20 Utility functions of pdfTeX for LuaTeX (HO
)

(/usr/share/texlive/texmf-dist/tex/generic/oberdiek/ifluatex.sty
Package: ifluatex 2010/03/01 v1.3 Provides the ifluatex switch (HO)
Package ifluatex Info: LuaTeX not detected.
)
(/usr/share/texlive/texmf-dist/tex/generic/oberdiek/ifpdf.sty
Package: ifpdf 2011/01/30 v2.3 Provides the ifpdf switch (HO)
Package ifpdf Info: pdfTeX in PDF mode is detected.
)
Package pdftexcmds Info: LuaTeX not detected.
Package pdftexcmds Info: \pdf@primitive is available.
Package pdftexcmds Info: \pdf@ifprimitive is available.
Package pdftexcmds Info: \pdfdraftmode found.
)
(/usr/share/texlive/texmf-dist/tex/latex/oberdiek/epstopdf-base.sty
Package: epstopdf-base 2010/02/09 v2.5 Base part for package epstopdf

(/usr/share/texlive/texmf-dist/tex/latex/oberdiek/grfext.sty
Package: grfext 2010/08/19 v1.1 Manage graphics extensions (HO)

(/usr/share/texlive/texmf-dist/tex/generic/oberdiek/kvdefinekeys.sty
Package: kvdefinekeys 2011/04/07 v1.3 Define keys (HO)
))
(/usr/share/texlive/texmf-dist/tex/latex/oberdiek/kvoptions.sty
Package: kvoptions 2011/06/30 v3.11 Key value format for package options (HO)

(/usr/share/texlive/texmf-dist/tex/generic/oberdiek/kvsetkeys.sty
Package: kvsetkeys 2012/04/25 v1.16 Key value parser (HO)

(/usr/share/texlive/texmf-dist/tex/generic/oberdiek/etexcmds.sty
Package: etexcmds 2011/02/16 v1.5 Avoid name clashes with e-TeX commands (HO)
Package etexcmds Info: Could not find \expanded.
(etexcmds)             That can mean that you are not using pdfTeX 1.50 or
(etexcmds)             that some package has redefined \expanded.
(etexcmds)             In the latter case, load this package earlier.
)))
Package grfext Info: Graphics extension search list:
(grfext)             [.png,.pdf,.jpg,.mps,.jpeg,.jbig2,.jb2,.PNG,.PDF,.JPG,.JPE
G,.JBIG2,.JB2,.eps]
(grfext)             \AppendGraphicsExtensions on input line 452.

(/usr/share/texlive/texmf-dist/tex/latex/latexconfig/epstopdf-sys.cfg
File: epstopdf-sys.cfg 2010/07/13 v1.3 Configuration of (r)epstopdf for TeX Liv
e
))
LaTeX Font Info:    Try loading font information for U+msa on input line 85.

(/usr/share/texlive/texmf-dist/tex/latex/amsfonts/umsa.fd
File: umsa.fd 2013/01/14 v3.01 AMS symbols A
)
LaTeX Font Info:    Try loading font information for U+msb on input line 85.

(/usr/share/texlive/texmf-dist/tex/latex/amsfonts/umsb.fd
File: umsb.fd 2013/01/14 v3.01 AMS symbols B
) [1

{/var/lib/texmf/fonts/map/pdftex/updmap/pdftex.map}]
Underfull \hbox (badness 10000) in paragraph at lines 122--123

 []


Underfull \hbox (badness 10000) in paragraph at lines 124--125

 []


Underfull \hbox (badness 10000) in paragraph at lines 126--127

 []


Underfull \hbox (badness 10000) in paragraph at lines 128--129

 []

[2]
Package color Info: Redefining color shadecolor on input line 134.
 <figure/dsn-1.pdf, id=18, 361.35pt x 289.08pt>
File: figure/dsn-1.pdf Graphic file (type pdf)
 <use figure/dsn-1.pdf>
Package pdftex.def Info: figure/dsn-1.pdf used on input line 135.
(pdftex.def)             Requested size: 238.25764pt x 190.60812pt.

Underfull \hbox (badness 10000) in paragraph at lines 140--141

 []

[3 <./figure/dsn-1.pdf>]
Package color Info: Redefining color shadecolor on input line 146.
 <figure/lambda-1.pdf, id=29, 722.7pt x 289.08pt>
File: figure/lambda-1.pdf Graphic file (type pdf)

<use figure/lambda-1.pdf>
Package pdftex.def Info: figure/lambda-1.pdf used on input line 147.
(pdftex.def)             Requested size: 476.5153pt x 190.60812pt.
 [4 <./figure/lambda-1.pdf>]
Underfull \hbox (badness 10000) in paragraph at lines 157--158

 []

[5]
Package color Info: Redefining color shadecolor on input line 170.
LaTeX Font Info:    Font shape `OT1/cmtt/bx/n' in size <10> not available
(Font)              Font shape `OT1/cmtt/m/n' tried instead on input line 173.
LaTeX Font Info:    Try loading font information for OMS+cmtt on input line 178
.
 (/usr/share/R/share/texmf/tex/latex/omscmtt.fd
File: omscmtt.fd 
)
LaTeX Font Info:    Font shape `OMS/cmtt/m/n' in size <10> not available
(Font)              Font shape `OMS/cmsy/m/n' tried instead on input line 178.
 [6]
<figure/integrate-1.pdf, id=47, 361.35pt x 289.08pt>
File: figure/integrate-1.pdf Graphic file (type pdf)

<use figure/integrate-1.pdf>
Package pdftex.def Info: figure/integrate-1.pdf used on input line 203.
(pdftex.def)             Requested size: 238.25764pt x 190.60812pt.
 [7 <./figure/integrate-1.pdf>] [8]
Package color Info: Redefining color shadecolor on input line 246.

<figure/gammas-1.pdf, id=64, 361.35pt x 289.08pt>
File: figure/gammas-1.pdf Graphic file (type pdf)
 <use figure/gammas-1.pdf>
Package pdftex.def Info: figure/gammas-1.pdf used on input line 247.
(pdftex.def)             Requested size: 225.33281pt x 180.26874pt.
Package color Info: Redefining color shadecolor on input line 256.
Package color Info: Redefining color shadecolor on input line 270.

<figure/plotobs-1.pdf, id=65, 361.35pt x 289.08pt>
File: figure/plotobs-1.pdf Graphic file (type pdf)
 <use figure/plotobs-1.pdf>
Package pdftex.def Info: figure/plotobs-1.pdf used on input line 271.
(pdftex.def)             Requested size: 225.33281pt x 180.26874pt.

[9 <./figure/gammas-1.pdf>]
Package color Info: Redefining color shadecolor on input line 286.
 <figure/plotall-1.pdf, id=76, 361.35pt x 289.08pt>
File: figure/plotall-1.pdf Graphic file (type pdf)

<use figure/plotall-1.pdf>
Package pdftex.def Info: figure/plotall-1.pdf used on input line 287.
(pdftex.def)             Requested size: 315.46455pt x 252.37535pt.
 [10 <./figure/plotobs-1.pdf>]
Package color Info: Redefining color shadecolor on input line 294.
Package color Info: Redefining color shadecolor on input line 303.
Package color Info: Redefining color shadecolor on input line 312.

Underfull \hbox (badness 10000) in paragraph at lines 319--320

 []

[11 <./figure/plotall-1.pdf>]
Package color Info: Redefining color shadecolor on input line 324.
 <figure/draw-1.pdf, id=96, 578.16pt x 289.08pt>
File: figure/draw-1.pdf Graphic file (type pdf)

<use figure/draw-1.pdf>
Package pdftex.def Info: figure/draw-1.pdf used on input line 325.
(pdftex.def)             Requested size: 450.66562pt x 225.33151pt.
Package color Info: Redefining color shadecolor on input line 346.
 [12 <./figure/draw-1.pdf>]
Overfull \hbox (121.57939pt too wide) in paragraph at lines 354--354
[][]\OT1/cmtt/m/n/10 plot[][](eta,[] []etaprior[][](eta)[][]/[][]numint,[] []ty
pe[][]=[][]"l"[][],[] []main[][]=[][]"normalized prior for eta=logit(theta)"[][
],[] []xlab[][]=[][]expression[][](eta))[][] 
 []

<figure/plotprior1-1.pdf, id=106, 361.35pt x 289.08pt>
File: figure/plotprior1-1.pdf Graphic file (type pdf)

<use figure/plotprior1-1.pdf>
Package pdftex.def Info: figure/plotprior1-1.pdf used on input line 357.
(pdftex.def)             Requested size: 225.33281pt x 180.26874pt.
Package color Info: Redefining color shadecolor on input line 366.
Package color Info: Redefining color shadecolor on input line 378.

<figure/likeeta-1.pdf, id=107, 361.35pt x 289.08pt>
File: figure/likeeta-1.pdf Graphic file (type pdf)
 <use figure/likeeta-1.pdf>
Package pdftex.def Info: figure/likeeta-1.pdf used on input line 379.
(pdftex.def)             Requested size: 225.33281pt x 180.26874pt.


Package amsmath Warning: Foreign command \atopwithdelims;
(amsmath)                \frac or \genfrac should be used instead
(amsmath)                 on input line 388.

[13 <./figure/plotprior1-1.pdf> <./figure/likeeta-1.pdf>]
Package color Info: Redefining color shadecolor on input line 394.

<figure/posterior-1.pdf, id=126, 361.35pt x 289.08pt>
File: figure/posterior-1.pdf Graphic file (type pdf)

<use figure/posterior-1.pdf>
Package pdftex.def Info: figure/posterior-1.pdf used on input line 395.
(pdftex.def)             Requested size: 225.33281pt x 180.26874pt.
Package color Info: Redefining color shadecolor on input line 404.

<figure/backtotheta-1.pdf, id=127, 361.35pt x 289.08pt>
File: figure/backtotheta-1.pdf Graphic file (type pdf)

<use figure/backtotheta-1.pdf>
Package pdftex.def Info: figure/backtotheta-1.pdf used on input line 405.
(pdftex.def)             Requested size: 225.33281pt x 180.26874pt.
Package color Info: Redefining color shadecolor on input line 413.

<figure/etauniformprior-1.pdf, id=128, 361.35pt x 289.08pt>
File: figure/etauniformprior-1.pdf Graphic file (type pdf)

<use figure/etauniformprior-1.pdf>
Package pdftex.def Info: figure/etauniformprior-1.pdf used on input line 414.
(pdftex.def)             Requested size: 214.3467pt x 171.47762pt.
 [14 <./figure/posterior-1.pdf> <./figure/backtotheta-1.pdf>]
Package color Info: Redefining color shadecolor on input line 420.
 <figure/etauniformlike-1.pdf, id=146, 361.35pt x 289.08pt>
File: figure/etauniformlike-1.pdf Graphic file (type pdf)

<use figure/etauniformlike-1.pdf>
Package pdftex.def Info: figure/etauniformlike-1.pdf used on input line 421.
(pdftex.def)             Requested size: 214.3467pt x 171.47762pt.
Package color Info: Redefining color shadecolor on input line 432.

<figure/etauniform-1.pdf, id=147, 361.35pt x 289.08pt>
File: figure/etauniform-1.pdf Graphic file (type pdf)

<use figure/etauniform-1.pdf>
Package pdftex.def Info: figure/etauniform-1.pdf used on input line 433.
(pdftex.def)             Requested size: 214.3467pt x 171.47762pt.
 [15 <./figure/etauniformprior-1.pdf> <./figure/etauniformlike-1.pdf>]
Package color Info: Redefining color shadecolor on input line 448.

<figure/backtouniftheta-1.pdf, id=166, 361.35pt x 289.08pt>
File: figure/backtouniftheta-1.pdf Graphic file (type pdf)

<use figure/backtouniftheta-1.pdf>
Package pdftex.def Info: figure/backtouniftheta-1.pdf used on input line 449.
(pdftex.def)             Requested size: 214.3467pt x 171.47762pt.
 [16 <./figure/etauniform-1.pdf>]
Package color Info: Redefining color shadecolor on input line 460.

<figure/backtounifthetabet00-1.pdf, id=177, 361.35pt x 289.08pt>
File: figure/backtounifthetabet00-1.pdf Graphic file (type pdf)

<use figure/backtounifthetabet00-1.pdf>
Package pdftex.def Info: figure/backtounifthetabet00-1.pdf used on input line 4
61.
(pdftex.def)             Requested size: 225.33281pt x 180.26874pt.
 [17 <./figure/backtouniftheta-1.pdf> <./figure/backtounifthetabet00-1.pdf>]
Overfull \hbox (12.49039pt too wide) in paragraph at lines 476--489
[]\OT1/cmr/m/n/12 I con-structed a $92%$ Wald con-fi-dence in-ter-val for $\OML
/cmm/m/it/12 ^^R$ \OT1/cmr/m/n/12 by hand, $0\OML/cmm/m/it/12 :\OT1/cmr/m/n/12 
267 \OMS/cmsy/m/n/12 ^^F \OT1/cmr/m/n/12 1\OML/cmm/m/it/12 :\OT1/cmr/m/n/12 75[
] =
 []


Underfull \hbox (badness 10000) in paragraph at lines 490--491

 []

[18] [19] [20]
Package color Info: Redefining color shadecolor on input line 519.
Package color Info: Redefining color shadecolor on input line 535.
 [21] <figure/numint3-1.pdf, id=206, 361.35pt x 289.08pt>
File: figure/numint3-1.pdf Graphic file (type pdf)

<use figure/numint3-1.pdf>
Package pdftex.def Info: figure/numint3-1.pdf used on input line 545.
(pdftex.def)             Requested size: 225.33281pt x 180.26874pt.
 <figure/numint3-2.pdf, id=207, 361.35pt x 289.08pt>
File: figure/numint3-2.pdf Graphic file (type pdf)

<use figure/numint3-2.pdf>
Package pdftex.def Info: figure/numint3-2.pdf used on input line 555.
(pdftex.def)             Requested size: 225.33281pt x 180.26874pt.
 [22 <./figure/numint3-1.pdf> <./figure/numint3-2.pdf>]
Package color Info: Redefining color shadecolor on input line 572.
Package color Info: Redefining color shadecolor on input line 584.

Overfull \hbox (45.3552pt too wide) in paragraph at lines 588--588
[][]\OT1/cmtt/m/n/10 plot[][](theta,[] []sqrt[][]([][]100[][]+[][]100[][]^[][]2
[][]/[][]theta),[] []main[][]=[][]"std deviation as a function of theta"[][],[]
 []type[][]=[][]"l"[][],[] []ylim[][]=[][]c[][]([][]0[][],[] []200[][]))[][] 
 []


Overfull \hbox (19.10542pt too wide) in paragraph at lines 589--589
[][]\OT1/cmtt/m/n/10 plot[][](theta,[] []dgamma[][](theta,[] []10[][],[] []10[]
[]),[] []type[][]=[][]"l"[][],[] []ylim[][]=[][]c[][]([][]0[][],[] []1.3[][]),[
] []main[][]=[][]"Gamma(0.1, 0.1) prior for theta"[][])[][] 
 []

Package color Info: Redefining color shadecolor on input line 595.
Package color Info: Redefining color shadecolor on input line 631.
Package color Info: Redefining color shadecolor on input line 647.
[23]
Package color Info: Redefining color shadecolor on input line 657.
Package color Info: Redefining color shadecolor on input line 666.

Overfull \hbox (334.10268pt too wide) in paragraph at lines 672--672
[][]\OT1/cmtt/m/n/10 plot[][](lambda,[] []dgamma[][](lambda,[] []20[][],[] []1[
][]),[] []type[][]=[][]"l"[][],[] []xlim[][]=[][]c[][]([][]10[][],[][]35[][]),[
] []ylim[][]=[][]c[][]([][]0[][],[] []0.41[][]),[] []xlab[][]=[][]expression[][
](lambda),[] []ylab[][]=[][]""[][],[] []main[][]=[][]"Plot of prior, likelihood
, and posterior"[][])[][] 
 []

Package color Info: Redefining color shadecolor on input line 687.
Package color Info: Redefining color shadecolor on input line 695.
Package color Info: Redefining color shadecolor on input line 703.
Package color Info: Redefining color shadecolor on input line 711.
Package color Info: Redefining color shadecolor on input line 728.

Overfull \hbox (66.35501pt too wide) in paragraph at lines 736--736
[][]\OT1/cmtt/m/n/10 plot[][](eta,[] []etaprior[][](eta)[][]/[][]numint,[] []ty
pe[][]=[][]"l"[][],[] []main[][]=[][]"normalized prior for eta=logit(theta)"[][
],[] []xlab[][]=[][]expression[][](eta))[][] 
 []

Package color Info: Redefining color shadecolor on input line 742.
[24]
Package color Info: Redefining color shadecolor on input line 752.

Overfull \hbox (150.35428pt too wide) in paragraph at lines 756--756
[][]\OT1/cmtt/m/n/10 plot[][](eta,[] []etaprior[][](eta)[][]/[][]numint,[] []ty
pe[][]=[][]"l"[][],[] []main[][]=[][]"normalized prior for eta with likelihood"
[][],[] []ylim[][]=[][]c[][]([][]0[][],[][]1[][]),[] []xlab[][]=[][]expression[
][](eta))[][] 
 []

Package color Info: Redefining color shadecolor on input line 764.

Overfull \hbox (202.85382pt too wide) in paragraph at lines 771--771
[][]\OT1/cmtt/m/n/10 plot[][](eta,[] []etaprior[][](eta)[][]/[][]numint,[] []ty
pe[][]=[][]"l"[][],[] []lwd[][]=[][]1[][],[] []main[][]=[][]"normalized prior, 
likelihood, and posterior"[][],[] []ylim[][]=[][]c[][]([][]0[][],[][]1[][]),[] 
[]xlab[][]=[][]expression[][](eta))[][] 
 []

Package color Info: Redefining color shadecolor on input line 780.
Package color Info: Redefining color shadecolor on input line 791.
Package color Info: Redefining color shadecolor on input line 807.
Package color Info: Redefining color shadecolor on input line 825.
[25]
Package color Info: Redefining color shadecolor on input line 844.
Package color Info: Redefining color shadecolor on input line 856.
Package color Info: Redefining color shadecolor on input line 868.
Package color Info: Redefining color shadecolor on input line 880.
 [26] (./bayeshw3.aux) ) 
Here is how much of TeX's memory you used:
 2872 strings out of 494985
 39371 string characters out of 6180356
 122701 words of memory out of 5000000
 6008 multiletter control sequences out of 15000+600000
 12181 words of font info for 48 fonts, out of 8000000 for 9000
 36 hyphenation exceptions out of 8191
 38i,10n,26p,1438b,518s stack positions out of 5000i,500n,10000p,200000b,80000s
</usr/share/texlive/texmf-dist/fonts/type1/public/amsfo
nts/cm/cmbx12.pfb></usr/share/texlive/texmf-dist/fonts/type1/public/amsfonts/cm
/cmex10.pfb></usr/share/texlive/texmf-dist/fonts/type1/public/amsfonts/cmextra/
cmex7.pfb></usr/share/texlive/texmf-dist/fonts/type1/public/amsfonts/cmextra/cm
ex8.pfb></usr/share/texlive/texmf-dist/fonts/type1/public/amsfonts/cm/cmitt10.p
fb></usr/share/texlive/texmf-dist/fonts/type1/public/amsfonts/cm/cmmi12.pfb></u
sr/share/texlive/texmf-dist/fonts/type1/public/amsfonts/cm/cmmi6.pfb></usr/shar
e/texlive/texmf-dist/fonts/type1/public/amsfonts/cm/cmmi8.pfb></usr/share/texli
ve/texmf-dist/fonts/type1/public/amsfonts/cm/cmr12.pfb></usr/share/texlive/texm
f-dist/fonts/type1/public/amsfonts/cm/cmr6.pfb></usr/share/texlive/texmf-dist/f
onts/type1/public/amsfonts/cm/cmr8.pfb></usr/share/texlive/texmf-dist/fonts/typ
e1/public/amsfonts/cm/cmsy10.pfb></usr/share/texlive/texmf-dist/fonts/type1/pub
lic/amsfonts/cm/cmsy6.pfb></usr/share/texlive/texmf-dist/fonts/type1/public/ams
fonts/cm/cmsy8.pfb></usr/share/texlive/texmf-dist/fonts/type1/public/amsfonts/c
m/cmti12.pfb></usr/share/texlive/texmf-dist/fonts/type1/public/amsfonts/cm/cmtt
10.pfb>
Output written on bayeshw3.pdf (26 pages, 1872240 bytes).
PDF statistics:
 289 PDF objects out of 1000 (max. 8388607)
 206 compressed objects within 3 object streams
 0 named destinations out of 1000 (max. 500000)
 91 words of extra memory for PDF output out of 10000 (max. 10000000)

